{"C:\\Projects\\nsdo-taskm\\backend-nest\\src\\all-exceptions.filter.ts": {"path":"C:\\Projects\\nsdo-taskm\\backend-nest\\src\\all-exceptions.filter.ts","statementMap":{"0":{"start":{"line":1,"column":0},"end":{"line":1,"column":null}},"1":{"start":{"line":11,"column":7},"end":{"line":40,"column":null}},"2":{"start":{"line":13,"column":16},"end":{"line":13,"column":35}},"3":{"start":{"line":14,"column":21},"end":{"line":14,"column":48}},"4":{"start":{"line":15,"column":20},"end":{"line":15,"column":45}},"5":{"start":{"line":17,"column":17},"end":{"line":17,"column":49}},"6":{"start":{"line":18,"column":18},"end":{"line":18,"column":41}},"7":{"start":{"line":21,"column":4},"end":{"line":25,"column":5}},"8":{"start":{"line":22,"column":6},"end":{"line":22,"column":102}},"9":{"start":{"line":24,"column":6},"end":{"line":24,"column":77}},"10":{"start":{"line":27,"column":4},"end":{"line":31,"column":5}},"11":{"start":{"line":28,"column":6},"end":{"line":28,"column":37}},"12":{"start":{"line":29,"column":18},"end":{"line":29,"column":41}},"13":{"start":{"line":30,"column":6},"end":{"line":30,"column":80}},"14":{"start":{"line":33,"column":4},"end":{"line":38,"column":7}},"15":{"start":{"line":11,"column":13},"end":{"line":11,"column":32}},"16":{"start":{"line":11,"column":13},"end":{"line":40,"column":null}}},"fnMap":{"0":{"name":"(anonymous_1)","decl":{"start":{"line":12,"column":2},"end":{"line":12,"column":7}},"loc":{"start":{"line":12,"column":47},"end":{"line":39,"column":3}}}},"branchMap":{"0":{"loc":{"start":{"line":21,"column":4},"end":{"line":25,"column":5}},"type":"if","locations":[{"start":{"line":21,"column":4},"end":{"line":25,"column":5}},{"start":{"line":23,"column":11},"end":{"line":25,"column":5}}]},"1":{"loc":{"start":{"line":27,"column":4},"end":{"line":31,"column":5}},"type":"if","locations":[{"start":{"line":27,"column":4},"end":{"line":31,"column":5}}]},"2":{"loc":{"start":{"line":30,"column":16},"end":{"line":30,"column":79}},"type":"cond-expr","locations":[{"start":{"line":30,"column":42},"end":{"line":30,"column":45}},{"start":{"line":30,"column":49},"end":{"line":30,"column":79}}]},"3":{"loc":{"start":{"line":30,"column":49},"end":{"line":30,"column":79}},"type":"binary-expr","locations":[{"start":{"line":30,"column":49},"end":{"line":30,"column":68}},{"start":{"line":30,"column":72},"end":{"line":30,"column":79}}]}},"s":{"0":0,"1":0,"2":0,"3":0,"4":0,"5":0,"6":0,"7":0,"8":0,"9":0,"10":0,"11":0,"12":0,"13":0,"14":0,"15":0,"16":0},"f":{"0":0},"b":{"0":[0,0],"1":[0],"2":[0,0],"3":[0,0]}}
,"C:\\Projects\\nsdo-taskm\\backend-nest\\src\\api-key.guard.ts": {"path":"C:\\Projects\\nsdo-taskm\\backend-nest\\src\\api-key.guard.ts","statementMap":{"0":{"start":{"line":1,"column":0},"end":{"line":1,"column":95}},"1":{"start":{"line":2,"column":0},"end":{"line":2,"column":47}},"2":{"start":{"line":5,"column":7},"end":{"line":20,"column":null}},"3":{"start":{"line":6,"column":31},"end":{"line":6,"column":46}},"4":{"start":{"line":9,"column":20},"end":{"line":9,"column":55}},"5":{"start":{"line":10,"column":19},"end":{"line":10,"column":47}},"6":{"start":{"line":12,"column":24},"end":{"line":12,"column":65}},"7":{"start":{"line":14,"column":4},"end":{"line":16,"column":5}},"8":{"start":{"line":15,"column":6},"end":{"line":15,"column":18}},"9":{"start":{"line":18,"column":4},"end":{"line":18,"column":63}},"10":{"start":{"line":5,"column":13},"end":{"line":5,"column":24}},"11":{"start":{"line":5,"column":13},"end":{"line":20,"column":null}}},"fnMap":{"0":{"name":"(anonymous_2)","decl":{"start":{"line":6,"column":2},"end":{"line":6,"column":31}},"loc":{"start":{"line":6,"column":59},"end":{"line":6,"column":63}}},"1":{"name":"(anonymous_3)","decl":{"start":{"line":8,"column":2},"end":{"line":8,"column":13}},"loc":{"start":{"line":8,"column":39},"end":{"line":19,"column":3}}}},"branchMap":{"0":{"loc":{"start":{"line":14,"column":4},"end":{"line":16,"column":5}},"type":"if","locations":[{"start":{"line":14,"column":4},"end":{"line":16,"column":5}}]},"1":{"loc":{"start":{"line":14,"column":8},"end":{"line":14,"column":40}},"type":"binary-expr","locations":[{"start":{"line":14,"column":8},"end":{"line":14,"column":14}},{"start":{"line":14,"column":18},"end":{"line":14,"column":40}}]}},"s":{"0":0,"1":0,"2":0,"3":0,"4":0,"5":0,"6":0,"7":0,"8":0,"9":0,"10":0,"11":0},"f":{"0":0,"1":0},"b":{"0":[0],"1":[0,0]}}
,"C:\\Projects\\nsdo-taskm\\backend-nest\\src\\app.controller.ts": {"path":"C:\\Projects\\nsdo-taskm\\backend-nest\\src\\app.controller.ts","statementMap":{"0":{"start":{"line":1,"column":0},"end":{"line":1,"column":49}},"1":{"start":{"line":2,"column":0},"end":{"line":2,"column":43}},"2":{"start":{"line":3,"column":0},"end":{"line":3,"column":51}},"3":{"start":{"line":4,"column":0},"end":{"line":4,"column":37}},"4":{"start":{"line":7,"column":7},"end":{"line":49,"column":null}},"5":{"start":{"line":9,"column":21},"end":{"line":9,"column":33}},"6":{"start":{"line":10,"column":32},"end":{"line":10,"column":44}},"7":{"start":{"line":15,"column":4},"end":{"line":15,"column":38}},"8":{"start":{"line":20,"column":28},"end":{"line":20,"column":33}},"9":{"start":{"line":21,"column":26},"end":{"line":21,"column":54}},"10":{"start":{"line":23,"column":4},"end":{"line":32,"column":5}},"11":{"start":{"line":25,"column":6},"end":{"line":29,"column":7}},"12":{"start":{"line":26,"column":8},"end":{"line":26,"column":48}},"13":{"start":{"line":27,"column":8},"end":{"line":27,"column":33}},"14":{"start":{"line":28,"column":8},"end":{"line":28,"column":59}},"15":{"start":{"line":31,"column":6},"end":{"line":31,"column":59}},"16":{"start":{"line":34,"column":4},"end":{"line":47,"column":6}},"17":{"start":{"line":7,"column":13},"end":{"line":7,"column":26}},"18":{"start":{"line":14,"column":2},"end":{"line":16,"column":null}},"19":{"start":{"line":19,"column":8},"end":{"line":48,"column":null}},"20":{"start":{"line":7,"column":13},"end":{"line":49,"column":null}}},"fnMap":{"0":{"name":"(anonymous_4)","decl":{"start":{"line":8,"column":2},"end":{"line":8,"column":null}},"loc":{"start":{"line":10,"column":54},"end":{"line":11,"column":6}}},"1":{"name":"(anonymous_5)","decl":{"start":{"line":14,"column":2},"end":{"line":14,"column":10}},"loc":{"start":{"line":14,"column":10},"end":{"line":16,"column":3}}},"2":{"name":"(anonymous_6)","decl":{"start":{"line":19,"column":2},"end":{"line":19,"column":7}},"loc":{"start":{"line":19,"column":19},"end":{"line":48,"column":3}}}},"branchMap":{"0":{"loc":{"start":{"line":25,"column":6},"end":{"line":29,"column":7}},"type":"if","locations":[{"start":{"line":25,"column":6},"end":{"line":29,"column":7}}]},"1":{"loc":{"start":{"line":25,"column":10},"end":{"line":25,"column":58}},"type":"binary-expr","locations":[{"start":{"line":25,"column":10},"end":{"line":25,"column":25}},{"start":{"line":25,"column":29},"end":{"line":25,"column":58}}]},"2":{"loc":{"start":{"line":41,"column":14},"end":{"line":41,"column":57}},"type":"binary-expr","locations":[{"start":{"line":41,"column":14},"end":{"line":41,"column":44}},{"start":{"line":41,"column":48},"end":{"line":41,"column":57}}]},"3":{"loc":{"start":{"line":42,"column":14},"end":{"line":42,"column":61}},"type":"binary-expr","locations":[{"start":{"line":42,"column":14},"end":{"line":42,"column":48}},{"start":{"line":42,"column":52},"end":{"line":42,"column":61}}]},"4":{"loc":{"start":{"line":45,"column":17},"end":{"line":45,"column":54}},"type":"binary-expr","locations":[{"start":{"line":45,"column":17},"end":{"line":45,"column":37}},{"start":{"line":45,"column":41},"end":{"line":45,"column":54}}]}},"s":{"0":1,"1":1,"2":1,"3":1,"4":1,"5":0,"6":0,"7":0,"8":0,"9":0,"10":0,"11":0,"12":0,"13":0,"14":0,"15":0,"16":0,"17":1,"18":1,"19":1,"20":1},"f":{"0":0,"1":0,"2":0},"b":{"0":[0],"1":[0,0],"2":[0,0],"3":[0,0],"4":[0,0]}}
,"C:\\Projects\\nsdo-taskm\\backend-nest\\src\\app.module.ts": {"path":"C:\\Projects\\nsdo-taskm\\backend-nest\\src\\app.module.ts","statementMap":{"0":{"start":{"line":1,"column":0},"end":{"line":1,"column":72}},"1":{"start":{"line":2,"column":0},"end":{"line":2,"column":62}},"2":{"start":{"line":3,"column":0},"end":{"line":3,"column":52}},"3":{"start":{"line":4,"column":0},"end":{"line":4,"column":50}},"4":{"start":{"line":6,"column":0},"end":{"line":6,"column":68}},"5":{"start":{"line":7,"column":0},"end":{"line":7,"column":41}},"6":{"start":{"line":8,"column":0},"end":{"line":8,"column":66}},"7":{"start":{"line":9,"column":0},"end":{"line":9,"column":64}},"8":{"start":{"line":10,"column":0},"end":{"line":10,"column":57}},"9":{"start":{"line":11,"column":0},"end":{"line":11,"column":49}},"10":{"start":{"line":12,"column":0},"end":{"line":12,"column":43}},"11":{"start":{"line":13,"column":0},"end":{"line":13,"column":61}},"12":{"start":{"line":14,"column":0},"end":{"line":14,"column":48}},"13":{"start":{"line":15,"column":0},"end":{"line":15,"column":48}},"14":{"start":{"line":16,"column":0},"end":{"line":16,"column":51}},"15":{"start":{"line":17,"column":0},"end":{"line":17,"column":69}},"16":{"start":{"line":18,"column":0},"end":{"line":18,"column":51}},"17":{"start":{"line":19,"column":0},"end":{"line":19,"column":51}},"18":{"start":{"line":20,"column":0},"end":{"line":20,"column":60}},"19":{"start":{"line":21,"column":0},"end":{"line":21,"column":54}},"20":{"start":{"line":22,"column":0},"end":{"line":22,"column":57}},"21":{"start":{"line":23,"column":0},"end":{"line":23,"column":48}},"22":{"start":{"line":24,"column":0},"end":{"line":24,"column":51}},"23":{"start":{"line":27,"column":0},"end":{"line":27,"column":52}},"24":{"start":{"line":28,"column":0},"end":{"line":28,"column":70}},"25":{"start":{"line":29,"column":0},"end":{"line":29,"column":52}},"26":{"start":{"line":30,"column":0},"end":{"line":30,"column":52}},"27":{"start":{"line":31,"column":0},"end":{"line":31,"column":70}},"28":{"start":{"line":32,"column":0},"end":{"line":32,"column":76}},"29":{"start":{"line":33,"column":0},"end":{"line":33,"column":88}},"30":{"start":{"line":34,"column":0},"end":{"line":34,"column":80}},"31":{"start":{"line":35,"column":0},"end":{"line":35,"column":67}},"32":{"start":{"line":36,"column":0},"end":{"line":36,"column":57}},"33":{"start":{"line":37,"column":0},"end":{"line":37,"column":64}},"34":{"start":{"line":38,"column":0},"end":{"line":38,"column":63}},"35":{"start":{"line":40,"column":0},"end":{"line":40,"column":61}},"36":{"start":{"line":112,"column":7},"end":{"line":118,"column":null}},"37":{"start":{"line":114,"column":4},"end":{"line":116,"column":26}},"38":{"start":{"line":112,"column":13},"end":{"line":112,"column":22}},"39":{"start":{"line":112,"column":13},"end":{"line":118,"column":null}},"40":{"start":{"line":50,"column":53},"end":{"line":72,"column":8}}},"fnMap":{"0":{"name":"(anonymous_1)","decl":{"start":{"line":113,"column":2},"end":{"line":113,"column":11}},"loc":{"start":{"line":113,"column":40},"end":{"line":117,"column":3}}},"1":{"name":"(anonymous_2)","decl":{"start":{"line":50,"column":18},"end":{"line":50,"column":19}},"loc":{"start":{"line":50,"column":53},"end":{"line":72,"column":8}}}},"branchMap":{},"s":{"0":0,"1":0,"2":0,"3":0,"4":0,"5":0,"6":0,"7":0,"8":0,"9":0,"10":0,"11":0,"12":0,"13":0,"14":0,"15":0,"16":0,"17":0,"18":0,"19":0,"20":0,"21":0,"22":0,"23":0,"24":0,"25":0,"26":0,"27":0,"28":0,"29":0,"30":0,"31":0,"32":0,"33":0,"34":0,"35":0,"36":0,"37":0,"38":0,"39":0,"40":0},"f":{"0":0,"1":0},"b":{}}
,"C:\\Projects\\nsdo-taskm\\backend-nest\\src\\app.service.ts": {"path":"C:\\Projects\\nsdo-taskm\\backend-nest\\src\\app.service.ts","statementMap":{"0":{"start":{"line":1,"column":0},"end":{"line":1,"column":44}},"1":{"start":{"line":4,"column":7},"end":{"line":8,"column":null}},"2":{"start":{"line":6,"column":4},"end":{"line":6,"column":26}},"3":{"start":{"line":4,"column":13},"end":{"line":4,"column":23}},"4":{"start":{"line":4,"column":13},"end":{"line":8,"column":null}}},"fnMap":{"0":{"name":"(anonymous_1)","decl":{"start":{"line":5,"column":2},"end":{"line":5,"column":10}},"loc":{"start":{"line":5,"column":10},"end":{"line":7,"column":3}}}},"branchMap":{},"s":{"0":1,"1":1,"2":0,"3":1,"4":1},"f":{"0":0},"b":{}}
,"C:\\Projects\\nsdo-taskm\\backend-nest\\src\\cli.ts": {"path":"C:\\Projects\\nsdo-taskm\\backend-nest\\src\\cli.ts","statementMap":{"0":{"start":{"line":1,"column":0},"end":{"line":1,"column":48}},"1":{"start":{"line":3,"column":0},"end":{"line":3,"column":66}},"2":{"start":{"line":6,"column":2},"end":{"line":6,"column":62}},"3":{"start":{"line":9,"column":0},"end":{"line":9,"column":12}}},"fnMap":{"0":{"name":"bootstrap","decl":{"start":{"line":5,"column":15},"end":{"line":5,"column":24}},"loc":{"start":{"line":5,"column":24},"end":{"line":7,"column":1}}}},"branchMap":{},"s":{"0":0,"1":0,"2":0,"3":0},"f":{"0":0},"b":{}}
,"C:\\Projects\\nsdo-taskm\\backend-nest\\src\\data-source.ts": {"path":"C:\\Projects\\nsdo-taskm\\backend-nest\\src\\data-source.ts","statementMap":{"0":{"start":{"line":1,"column":0},"end":{"line":1,"column":37}},"1":{"start":{"line":2,"column":0},"end":{"line":2,"column":33}},"2":{"start":{"line":5,"column":0},"end":{"line":5,"column":16}},"3":{"start":{"line":7,"column":13},"end":{"line":18,"column":3}},"4":{"start":{"line":21,"column":0},"end":{"line":27,"column":5}},"5":{"start":{"line":23,"column":4},"end":{"line":23,"column":53}},"6":{"start":{"line":26,"column":4},"end":{"line":26,"column":66}}},"fnMap":{"0":{"name":"(anonymous_0)","decl":{"start":{"line":22,"column":8},"end":{"line":22,"column":11}},"loc":{"start":{"line":22,"column":13},"end":{"line":24,"column":3}}},"1":{"name":"(anonymous_1)","decl":{"start":{"line":25,"column":9},"end":{"line":25,"column":10}},"loc":{"start":{"line":25,"column":17},"end":{"line":27,"column":3}}}},"branchMap":{"0":{"loc":{"start":{"line":9,"column":8},"end":{"line":9,"column":48}},"type":"binary-expr","locations":[{"start":{"line":9,"column":8},"end":{"line":9,"column":33}},{"start":{"line":9,"column":37},"end":{"line":9,"column":48}}]},"1":{"loc":{"start":{"line":10,"column":17},"end":{"line":10,"column":52}},"type":"binary-expr","locations":[{"start":{"line":10,"column":17},"end":{"line":10,"column":42}},{"start":{"line":10,"column":46},"end":{"line":10,"column":52}}]},"2":{"loc":{"start":{"line":11,"column":12},"end":{"line":11,"column":51}},"type":"binary-expr","locations":[{"start":{"line":11,"column":12},"end":{"line":11,"column":41}},{"start":{"line":11,"column":45},"end":{"line":11,"column":51}}]},"3":{"loc":{"start":{"line":12,"column":12},"end":{"line":12,"column":51}},"type":"binary-expr","locations":[{"start":{"line":12,"column":12},"end":{"line":12,"column":41}},{"start":{"line":12,"column":45},"end":{"line":12,"column":51}}]},"4":{"loc":{"start":{"line":13,"column":12},"end":{"line":13,"column":57}},"type":"binary-expr","locations":[{"start":{"line":13,"column":12},"end":{"line":13,"column":37}},{"start":{"line":13,"column":41},"end":{"line":13,"column":57}}]}},"s":{"0":0,"1":0,"2":0,"3":0,"4":0,"5":0,"6":0},"f":{"0":0,"1":0},"b":{"0":[0,0],"1":[0,0],"2":[0,0],"3":[0,0],"4":[0,0]}}
,"C:\\Projects\\nsdo-taskm\\backend-nest\\src\\ip-whitelist.middleware.ts": {"path":"C:\\Projects\\nsdo-taskm\\backend-nest\\src\\ip-whitelist.middleware.ts","statementMap":{"0":{"start":{"line":1,"column":0},"end":{"line":1,"column":80}},"1":{"start":{"line":5,"column":7},"end":{"line":21,"column":null}},"2":{"start":{"line":6,"column":33},"end":{"line":11,"column":4}},"3":{"start":{"line":14,"column":21},"end":{"line":14,"column":65}},"4":{"start":{"line":15,"column":4},"end":{"line":19,"column":5}},"5":{"start":{"line":16,"column":6},"end":{"line":16,"column":13}},"6":{"start":{"line":18,"column":6},"end":{"line":18,"column":68}},"7":{"start":{"line":5,"column":13},"end":{"line":5,"column":34}},"8":{"start":{"line":5,"column":13},"end":{"line":21,"column":null}}},"fnMap":{"0":{"name":"(anonymous_1)","decl":{"start":{"line":13,"column":2},"end":{"line":13,"column":5}},"loc":{"start":{"line":13,"column":53},"end":{"line":20,"column":3}}}},"branchMap":{"0":{"loc":{"start":{"line":14,"column":21},"end":{"line":14,"column":65}},"type":"binary-expr","locations":[{"start":{"line":14,"column":21},"end":{"line":14,"column":27}},{"start":{"line":14,"column":31},"end":{"line":14,"column":59}},{"start":{"line":14,"column":63},"end":{"line":14,"column":65}}]},"1":{"loc":{"start":{"line":15,"column":4},"end":{"line":19,"column":5}},"type":"if","locations":[{"start":{"line":15,"column":4},"end":{"line":19,"column":5}},{"start":{"line":17,"column":11},"end":{"line":19,"column":5}}]}},"s":{"0":0,"1":0,"2":0,"3":0,"4":0,"5":0,"6":0,"7":0,"8":0},"f":{"0":0},"b":{"0":[0,0,0],"1":[0,0]}}
,"C:\\Projects\\nsdo-taskm\\backend-nest\\src\\main.ts": {"path":"C:\\Projects\\nsdo-taskm\\backend-nest\\src\\main.ts","statementMap":{"0":{"start":{"line":1,"column":0},"end":{"line":1,"column":43}},"1":{"start":{"line":2,"column":0},"end":{"line":2,"column":41}},"2":{"start":{"line":4,"column":0},"end":{"line":4,"column":28}},"3":{"start":{"line":5,"column":0},"end":{"line":5,"column":65}},"4":{"start":{"line":6,"column":0},"end":{"line":6,"column":48}},"5":{"start":{"line":7,"column":0},"end":{"line":7,"column":62}},"6":{"start":{"line":8,"column":0},"end":{"line":8,"column":47}},"7":{"start":{"line":9,"column":0},"end":{"line":9,"column":62}},"8":{"start":{"line":12,"column":14},"end":{"line":14,"column":4}},"9":{"start":{"line":16,"column":2},"end":{"line":16,"column":50}},"10":{"start":{"line":19,"column":1},"end":{"line":19,"column":19}},"11":{"start":{"line":20,"column":24},"end":{"line":20,"column":46}},"12":{"start":{"line":23,"column":2},"end":{"line":29,"column":3}},"13":{"start":{"line":24,"column":28},"end":{"line":24,"column":52}},"14":{"start":{"line":25,"column":4},"end":{"line":25,"column":47}},"15":{"start":{"line":26,"column":4},"end":{"line":26,"column":53}},"16":{"start":{"line":28,"column":4},"end":{"line":28,"column":57}},"17":{"start":{"line":32,"column":2},"end":{"line":40,"column":5}},"18":{"start":{"line":46,"column":2},"end":{"line":50,"column":6}},"19":{"start":{"line":60,"column":2},"end":{"line":68,"column":3}},"20":{"start":{"line":61,"column":26},"end":{"line":65,"column":14}},"21":{"start":{"line":66,"column":28},"end":{"line":66,"column":76}},"22":{"start":{"line":67,"column":4},"end":{"line":67,"column":58}},"23":{"start":{"line":71,"column":15},"end":{"line":71,"column":48}},"24":{"start":{"line":72,"column":2},"end":{"line":72,"column":25}},"25":{"start":{"line":73,"column":2},"end":{"line":73,"column":131}},"26":{"start":{"line":76,"column":2},"end":{"line":97,"column":3}},"27":{"start":{"line":78,"column":19},"end":{"line":78,"column":38}},"28":{"start":{"line":79,"column":4},"end":{"line":94,"column":5}},"29":{"start":{"line":80,"column":21},"end":{"line":80,"column":51}},"30":{"start":{"line":81,"column":30},"end":{"line":89,"column":10}},"31":{"start":{"line":82,"column":25},"end":{"line":82,"column":36}},"32":{"start":{"line":84,"column":24},"end":{"line":84,"column":35}},"33":{"start":{"line":85,"column":10},"end":{"line":88,"column":12}},"34":{"start":{"line":91,"column":6},"end":{"line":91,"column":63}},"35":{"start":{"line":93,"column":6},"end":{"line":93,"column":78}},"36":{"start":{"line":96,"column":4},"end":{"line":96,"column":73}},"37":{"start":{"line":100,"column":0},"end":{"line":100,"column":12}}},"fnMap":{"0":{"name":"bootstrap","decl":{"start":{"line":11,"column":15},"end":{"line":11,"column":24}},"loc":{"start":{"line":11,"column":24},"end":{"line":98,"column":1}}},"1":{"name":"(anonymous_1)","decl":{"start":{"line":82,"column":16},"end":{"line":82,"column":21}},"loc":{"start":{"line":82,"column":25},"end":{"line":82,"column":36}}},"2":{"name":"(anonymous_2)","decl":{"start":{"line":83,"column":13},"end":{"line":83,"column":18}},"loc":{"start":{"line":83,"column":21},"end":{"line":89,"column":9}}}},"branchMap":{"0":{"loc":{"start":{"line":36,"column":6},"end":{"line":36,"column":66}},"type":"binary-expr","locations":[{"start":{"line":36,"column":6},"end":{"line":36,"column":39}},{"start":{"line":36,"column":43},"end":{"line":36,"column":66}}]},"1":{"loc":{"start":{"line":60,"column":2},"end":{"line":68,"column":3}},"type":"if","locations":[{"start":{"line":60,"column":2},"end":{"line":68,"column":3}}]},"2":{"loc":{"start":{"line":71,"column":15},"end":{"line":71,"column":48}},"type":"binary-expr","locations":[{"start":{"line":71,"column":15},"end":{"line":71,"column":40}},{"start":{"line":71,"column":44},"end":{"line":71,"column":48}}]},"3":{"loc":{"start":{"line":73,"column":43},"end":{"line":73,"column":89}},"type":"binary-expr","locations":[{"start":{"line":73,"column":43},"end":{"line":73,"column":72}},{"start":{"line":73,"column":76},"end":{"line":73,"column":89}}]},"4":{"loc":{"start":{"line":79,"column":4},"end":{"line":94,"column":5}},"type":"if","locations":[{"start":{"line":79,"column":4},"end":{"line":94,"column":5}},{"start":{"line":92,"column":11},"end":{"line":94,"column":5}}]},"5":{"loc":{"start":{"line":79,"column":8},"end":{"line":79,"column":92}},"type":"binary-expr","locations":[{"start":{"line":79,"column":8},"end":{"line":79,"column":14}},{"start":{"line":79,"column":18},"end":{"line":79,"column":32}},{"start":{"line":79,"column":36},"end":{"line":79,"column":58}},{"start":{"line":79,"column":62},"end":{"line":79,"column":92}}]}},"s":{"0":0,"1":0,"2":0,"3":0,"4":0,"5":0,"6":0,"7":0,"8":0,"9":0,"10":0,"11":0,"12":0,"13":0,"14":0,"15":0,"16":0,"17":0,"18":0,"19":0,"20":0,"21":0,"22":0,"23":0,"24":0,"25":0,"26":0,"27":0,"28":0,"29":0,"30":0,"31":0,"32":0,"33":0,"34":0,"35":0,"36":0,"37":0},"f":{"0":0,"1":0,"2":0},"b":{"0":[0,0],"1":[0],"2":[0,0],"3":[0,0],"4":[0,0],"5":[0,0,0,0]}}
,"C:\\Projects\\nsdo-taskm\\backend-nest\\src\\throttler.guard.ts": {"path":"C:\\Projects\\nsdo-taskm\\backend-nest\\src\\throttler.guard.ts","statementMap":{"0":{"start":{"line":1,"column":0},"end":{"line":1,"column":44}},"1":{"start":{"line":2,"column":0},"end":{"line":2,"column":51}},"2":{"start":{"line":5,"column":7},"end":{"line":15,"column":null}},"3":{"start":{"line":8,"column":4},"end":{"line":8,"column":18}},"4":{"start":{"line":13,"column":4},"end":{"line":13,"column":34}},"5":{"start":{"line":5,"column":13},"end":{"line":5,"column":33}},"6":{"start":{"line":5,"column":13},"end":{"line":15,"column":null}}},"fnMap":{"0":{"name":"(anonymous_1)","decl":{"start":{"line":6,"column":12},"end":{"line":6,"column":17}},"loc":{"start":{"line":6,"column":53},"end":{"line":9,"column":3}}},"1":{"name":"(anonymous_2)","decl":{"start":{"line":11,"column":12},"end":{"line":11,"column":22}},"loc":{"start":{"line":11,"column":22},"end":{"line":14,"column":3}}}},"branchMap":{},"s":{"0":0,"1":0,"2":0,"3":0,"4":0,"5":0,"6":0},"f":{"0":0,"1":0},"b":{}}
,"C:\\Projects\\nsdo-taskm\\backend-nest\\src\\admin\\admin.controller.ts": {"path":"C:\\Projects\\nsdo-taskm\\backend-nest\\src\\admin\\admin.controller.ts","statementMap":{"0":{"start":{"line":1,"column":0},"end":{"line":1,"column":null}},"1":{"start":{"line":14,"column":0},"end":{"line":14,"column":47}},"2":{"start":{"line":15,"column":0},"end":{"line":15,"column":61}},"3":{"start":{"line":16,"column":0},"end":{"line":16,"column":56}},"4":{"start":{"line":17,"column":0},"end":{"line":17,"column":59}},"5":{"start":{"line":18,"column":0},"end":{"line":18,"column":57}},"6":{"start":{"line":21,"column":0},"end":{"line":21,"column":69}},"7":{"start":{"line":26,"column":7},"end":{"line":168,"column":null}},"8":{"start":{"line":27,"column":31},"end":{"line":27,"column":45}},"9":{"start":{"line":33,"column":4},"end":{"line":33,"column":57}},"10":{"start":{"line":40,"column":4},"end":{"line":40,"column":55}},"11":{"start":{"line":47,"column":4},"end":{"line":47,"column":48}},"12":{"start":{"line":54,"column":4},"end":{"line":54,"column":50}},"13":{"start":{"line":63,"column":4},"end":{"line":63,"column":49}},"14":{"start":{"line":72,"column":4},"end":{"line":72,"column":55}},"15":{"start":{"line":81,"column":4},"end":{"line":81,"column":49}},"16":{"start":{"line":97,"column":4},"end":{"line":103,"column":17}},"17":{"start":{"line":112,"column":4},"end":{"line":112,"column":44}},"18":{"start":{"line":121,"column":4},"end":{"line":121,"column":49}},"19":{"start":{"line":130,"column":4},"end":{"line":130,"column":60}},"20":{"start":{"line":139,"column":4},"end":{"line":139,"column":57}},"21":{"start":{"line":148,"column":4},"end":{"line":148,"column":53}},"22":{"start":{"line":157,"column":4},"end":{"line":157,"column":42}},"23":{"start":{"line":166,"column":4},"end":{"line":166,"column":52}},"24":{"start":{"line":26,"column":13},"end":{"line":26,"column":28}},"25":{"start":{"line":32,"column":2},"end":{"line":34,"column":null}},"26":{"start":{"line":39,"column":8},"end":{"line":41,"column":null}},"27":{"start":{"line":46,"column":8},"end":{"line":48,"column":null}},"28":{"start":{"line":53,"column":2},"end":{"line":55,"column":null}},"29":{"start":{"line":62,"column":2},"end":{"line":64,"column":null}},"30":{"start":{"line":71,"column":2},"end":{"line":73,"column":null}},"31":{"start":{"line":80,"column":2},"end":{"line":82,"column":null}},"32":{"start":{"line":89,"column":2},"end":{"line":104,"column":null}},"33":{"start":{"line":111,"column":2},"end":{"line":113,"column":null}},"34":{"start":{"line":120,"column":2},"end":{"line":122,"column":null}},"35":{"start":{"line":129,"column":2},"end":{"line":131,"column":null}},"36":{"start":{"line":138,"column":2},"end":{"line":140,"column":null}},"37":{"start":{"line":147,"column":2},"end":{"line":149,"column":null}},"38":{"start":{"line":156,"column":2},"end":{"line":158,"column":null}},"39":{"start":{"line":165,"column":2},"end":{"line":167,"column":null}},"40":{"start":{"line":26,"column":13},"end":{"line":168,"column":null}}},"fnMap":{"0":{"name":"(anonymous_4)","decl":{"start":{"line":27,"column":2},"end":{"line":27,"column":31}},"loc":{"start":{"line":27,"column":57},"end":{"line":27,"column":61}}},"1":{"name":"(anonymous_5)","decl":{"start":{"line":32,"column":2},"end":{"line":32,"column":19}},"loc":{"start":{"line":32,"column":34},"end":{"line":34,"column":3}}},"2":{"name":"(anonymous_6)","decl":{"start":{"line":39,"column":2},"end":{"line":39,"column":7}},"loc":{"start":{"line":39,"column":38},"end":{"line":41,"column":3}}},"3":{"name":"(anonymous_7)","decl":{"start":{"line":46,"column":2},"end":{"line":46,"column":7}},"loc":{"start":{"line":46,"column":24},"end":{"line":48,"column":3}}},"4":{"name":"(anonymous_8)","decl":{"start":{"line":53,"column":2},"end":{"line":53,"column":20}},"loc":{"start":{"line":53,"column":20},"end":{"line":55,"column":3}}},"5":{"name":"(anonymous_9)","decl":{"start":{"line":62,"column":2},"end":{"line":62,"column":13}},"loc":{"start":{"line":62,"column":46},"end":{"line":64,"column":3}}},"6":{"name":"(anonymous_10)","decl":{"start":{"line":71,"column":2},"end":{"line":71,"column":19}},"loc":{"start":{"line":71,"column":52},"end":{"line":73,"column":3}}},"7":{"name":"(anonymous_11)","decl":{"start":{"line":80,"column":2},"end":{"line":80,"column":13}},"loc":{"start":{"line":80,"column":46},"end":{"line":82,"column":3}}},"8":{"name":"(anonymous_12)","decl":{"start":{"line":89,"column":2},"end":{"line":89,"column":17}},"loc":{"start":{"line":95,"column":36},"end":{"line":104,"column":3}}},"9":{"name":"(anonymous_13)","decl":{"start":{"line":111,"column":2},"end":{"line":111,"column":14}},"loc":{"start":{"line":111,"column":14},"end":{"line":113,"column":3}}},"10":{"name":"(anonymous_14)","decl":{"start":{"line":120,"column":2},"end":{"line":120,"column":19}},"loc":{"start":{"line":120,"column":19},"end":{"line":122,"column":3}}},"11":{"name":"(anonymous_15)","decl":{"start":{"line":129,"column":2},"end":{"line":129,"column":22}},"loc":{"start":{"line":129,"column":44},"end":{"line":131,"column":3}}},"12":{"name":"(anonymous_16)","decl":{"start":{"line":138,"column":2},"end":{"line":138,"column":14}},"loc":{"start":{"line":138,"column":85},"end":{"line":140,"column":3}}},"13":{"name":"(anonymous_17)","decl":{"start":{"line":147,"column":2},"end":{"line":147,"column":15}},"loc":{"start":{"line":147,"column":51},"end":{"line":149,"column":3}}},"14":{"name":"(anonymous_18)","decl":{"start":{"line":156,"column":2},"end":{"line":156,"column":12}},"loc":{"start":{"line":156,"column":12},"end":{"line":158,"column":3}}},"15":{"name":"(anonymous_19)","decl":{"start":{"line":165,"column":2},"end":{"line":165,"column":14}},"loc":{"start":{"line":165,"column":50},"end":{"line":167,"column":3}}}},"branchMap":{},"s":{"0":0,"1":0,"2":0,"3":0,"4":0,"5":0,"6":0,"7":0,"8":0,"9":0,"10":0,"11":0,"12":0,"13":0,"14":0,"15":0,"16":0,"17":0,"18":0,"19":0,"20":0,"21":0,"22":0,"23":0,"24":0,"25":0,"26":0,"27":0,"28":0,"29":0,"30":0,"31":0,"32":0,"33":0,"34":0,"35":0,"36":0,"37":0,"38":0,"39":0,"40":0},"f":{"0":0,"1":0,"2":0,"3":0,"4":0,"5":0,"6":0,"7":0,"8":0,"9":0,"10":0,"11":0,"12":0,"13":0,"14":0,"15":0},"b":{}}
,"C:\\Projects\\nsdo-taskm\\backend-nest\\src\\admin\\admin.module.ts": {"path":"C:\\Projects\\nsdo-taskm\\backend-nest\\src\\admin\\admin.module.ts","statementMap":{"0":{"start":{"line":1,"column":0},"end":{"line":1,"column":52}},"1":{"start":{"line":2,"column":0},"end":{"line":2,"column":53}},"2":{"start":{"line":3,"column":0},"end":{"line":3,"column":47}},"3":{"start":{"line":4,"column":0},"end":{"line":4,"column":52}},"4":{"start":{"line":5,"column":0},"end":{"line":5,"column":70}},"5":{"start":{"line":7,"column":0},"end":{"line":7,"column":48}},"6":{"start":{"line":8,"column":0},"end":{"line":8,"column":53}},"7":{"start":{"line":9,"column":0},"end":{"line":9,"column":71}},"8":{"start":{"line":10,"column":0},"end":{"line":10,"column":53}},"9":{"start":{"line":11,"column":0},"end":{"line":11,"column":61}},"10":{"start":{"line":12,"column":0},"end":{"line":12,"column":69}},"11":{"start":{"line":13,"column":0},"end":{"line":13,"column":80}},"12":{"start":{"line":14,"column":0},"end":{"line":14,"column":88}},"13":{"start":{"line":27,"column":7},"end":{"line":27,"column":null}},"14":{"start":{"line":27,"column":13},"end":{"line":27,"column":24}},"15":{"start":{"line":27,"column":13},"end":{"line":27,"column":null}},"16":{"start":{"line":19,"column":21},"end":{"line":19,"column":32}},"17":{"start":{"line":20,"column":21},"end":{"line":20,"column":38}}},"fnMap":{"0":{"name":"(anonymous_1)","decl":{"start":{"line":19,"column":15},"end":{"line":19,"column":18}},"loc":{"start":{"line":19,"column":21},"end":{"line":19,"column":32}}},"1":{"name":"(anonymous_2)","decl":{"start":{"line":20,"column":15},"end":{"line":20,"column":18}},"loc":{"start":{"line":20,"column":21},"end":{"line":20,"column":38}}}},"branchMap":{},"s":{"0":0,"1":0,"2":0,"3":0,"4":0,"5":0,"6":0,"7":0,"8":0,"9":0,"10":0,"11":0,"12":0,"13":0,"14":0,"15":0,"16":0,"17":0},"f":{"0":0,"1":0},"b":{}}
,"C:\\Projects\\nsdo-taskm\\backend-nest\\src\\admin\\admin.service.ts": {"path":"C:\\Projects\\nsdo-taskm\\backend-nest\\src\\admin\\admin.service.ts","statementMap":{"0":{"start":{"line":1,"column":0},"end":{"line":1,"column":63}},"1":{"start":{"line":2,"column":0},"end":{"line":2,"column":51}},"2":{"start":{"line":3,"column":0},"end":{"line":3,"column":52}},"3":{"start":{"line":4,"column":0},"end":{"line":4,"column":53}},"4":{"start":{"line":5,"column":0},"end":{"line":5,"column":71}},"5":{"start":{"line":6,"column":0},"end":{"line":6,"column":65}},"6":{"start":{"line":7,"column":0},"end":{"line":7,"column":69}},"7":{"start":{"line":21,"column":7},"end":{"line":896,"column":null}},"8":{"start":{"line":24,"column":12},"end":{"line":24,"column":29}},"9":{"start":{"line":26,"column":12},"end":{"line":26,"column":35}},"10":{"start":{"line":28,"column":12},"end":{"line":28,"column":29}},"11":{"start":{"line":29,"column":12},"end":{"line":29,"column":32}},"12":{"start":{"line":33,"column":4},"end":{"line":148,"column":5}},"13":{"start":{"line":44,"column":10},"end":{"line":53,"column":8}},"14":{"start":{"line":56,"column":20},"end":{"line":56,"column":30}},"15":{"start":{"line":57,"column":23},"end":{"line":57,"column":33}},"16":{"start":{"line":58,"column":6},"end":{"line":58,"column":44}},"17":{"start":{"line":60,"column":33},"end":{"line":65,"column":8}},"18":{"start":{"line":68,"column":32},"end":{"line":73,"column":8}},"19":{"start":{"line":76,"column":24},"end":{"line":76,"column":53}},"20":{"start":{"line":79,"column":34},"end":{"line":79,"column":65}},"21":{"start":{"line":82,"column":30},"end":{"line":89,"column":9}},"22":{"start":{"line":82,"column":63},"end":{"line":89,"column":8}},"23":{"start":{"line":92,"column":31},"end":{"line":92,"column":77}},"24":{"start":{"line":95,"column":27},"end":{"line":95,"column":60}},"25":{"start":{"line":98,"column":26},"end":{"line":98,"column":53}},"26":{"start":{"line":101,"column":30},"end":{"line":101,"column":61}},"27":{"start":{"line":104,"column":6},"end":{"line":126,"column":8}},"28":{"start":{"line":128,"column":6},"end":{"line":128,"column":64}},"29":{"start":{"line":129,"column":6},"end":{"line":147,"column":8}},"30":{"start":{"line":153,"column":4},"end":{"line":173,"column":5}},"31":{"start":{"line":155,"column":19},"end":{"line":155,"column":96}},"32":{"start":{"line":158,"column":6},"end":{"line":168,"column":10}},"33":{"start":{"line":158,"column":35},"end":{"line":168,"column":8}},"34":{"start":{"line":170,"column":6},"end":{"line":170,"column":64}},"35":{"start":{"line":172,"column":6},"end":{"line":172,"column":43}},"36":{"start":{"line":178,"column":4},"end":{"line":208,"column":5}},"37":{"start":{"line":180,"column":33},"end":{"line":182,"column":8}},"38":{"start":{"line":184,"column":6},"end":{"line":204,"column":9}},"39":{"start":{"line":185,"column":29},"end":{"line":185,"column":79}},"40":{"start":{"line":187,"column":27},"end":{"line":187,"column":89}},"41":{"start":{"line":188,"column":31},"end":{"line":190,"column":13}},"42":{"start":{"line":189,"column":52},"end":{"line":189,"column":88}},"43":{"start":{"line":192,"column":31},"end":{"line":192,"column":99}},"44":{"start":{"line":194,"column":8},"end":{"line":203,"column":10}},"45":{"start":{"line":206,"column":6},"end":{"line":206,"column":63}},"46":{"start":{"line":207,"column":6},"end":{"line":207,"column":16}},"47":{"start":{"line":213,"column":4},"end":{"line":246,"column":5}},"48":{"start":{"line":215,"column":80},"end":{"line":215,"column":82}},"49":{"start":{"line":216,"column":20},"end":{"line":216,"column":30}},"50":{"start":{"line":219,"column":6},"end":{"line":240,"column":7}},"51":{"start":{"line":219,"column":19},"end":{"line":219,"column":20}},"52":{"start":{"line":220,"column":21},"end":{"line":220,"column":31}},"53":{"start":{"line":221,"column":8},"end":{"line":221,"column":42}},"54":{"start":{"line":222,"column":8},"end":{"line":222,"column":34}},"55":{"start":{"line":224,"column":25},"end":{"line":224,"column":39}},"56":{"start":{"line":225,"column":8},"end":{"line":225,"column":45}},"57":{"start":{"line":229,"column":29},"end":{"line":229,"column":63}},"58":{"start":{"line":230,"column":31},"end":{"line":232,"column":10}},"59":{"start":{"line":235,"column":8},"end":{"line":239,"column":11}},"60":{"start":{"line":242,"column":6},"end":{"line":242,"column":20}},"61":{"start":{"line":244,"column":6},"end":{"line":244,"column":62}},"62":{"start":{"line":245,"column":6},"end":{"line":245,"column":16}},"63":{"start":{"line":251,"column":4},"end":{"line":271,"column":5}},"64":{"start":{"line":252,"column":20},"end":{"line":255,"column":8}},"65":{"start":{"line":258,"column":6},"end":{"line":266,"column":10}},"66":{"start":{"line":258,"column":32},"end":{"line":266,"column":8}},"67":{"start":{"line":268,"column":6},"end":{"line":268,"column":59}},"68":{"start":{"line":270,"column":6},"end":{"line":270,"column":16}},"69":{"start":{"line":276,"column":4},"end":{"line":288,"column":5}},"70":{"start":{"line":278,"column":21},"end":{"line":282,"column":8}},"71":{"start":{"line":284,"column":6},"end":{"line":284,"column":20}},"72":{"start":{"line":286,"column":6},"end":{"line":286,"column":64}},"73":{"start":{"line":287,"column":6},"end":{"line":287,"column":44}},"74":{"start":{"line":293,"column":24},"end":{"line":293,"column":45}},"75":{"start":{"line":295,"column":4},"end":{"line":308,"column":6}},"76":{"start":{"line":312,"column":24},"end":{"line":312,"column":26}},"77":{"start":{"line":314,"column":4},"end":{"line":323,"column":5}},"78":{"start":{"line":315,"column":6},"end":{"line":320,"column":9}},"79":{"start":{"line":322,"column":6},"end":{"line":322,"column":48}},"80":{"start":{"line":326,"column":4},"end":{"line":334,"column":8}},"81":{"start":{"line":326,"column":30},"end":{"line":334,"column":6}},"82":{"start":{"line":338,"column":36},"end":{"line":338,"column":38}},"83":{"start":{"line":340,"column":4},"end":{"line":352,"column":5}},"84":{"start":{"line":341,"column":6},"end":{"line":347,"column":9}},"85":{"start":{"line":349,"column":6},"end":{"line":351,"column":9}},"86":{"start":{"line":355,"column":4},"end":{"line":389,"column":7}},"87":{"start":{"line":357,"column":34},"end":{"line":366,"column":16}},"88":{"start":{"line":369,"column":6},"end":{"line":375,"column":7}},"89":{"start":{"line":370,"column":8},"end":{"line":374,"column":10}},"90":{"start":{"line":378,"column":6},"end":{"line":386,"column":7}},"91":{"start":{"line":379,"column":8},"end":{"line":383,"column":12}},"92":{"start":{"line":379,"column":70},"end":{"line":383,"column":10}},"93":{"start":{"line":385,"column":10},"end":{"line":385,"column":43}},"94":{"start":{"line":388,"column":6},"end":{"line":388,"column":33}},"95":{"start":{"line":393,"column":24},"end":{"line":393,"column":26}},"96":{"start":{"line":395,"column":4},"end":{"line":407,"column":5}},"97":{"start":{"line":396,"column":6},"end":{"line":402,"column":9}},"98":{"start":{"line":404,"column":6},"end":{"line":406,"column":9}},"99":{"start":{"line":410,"column":4},"end":{"line":433,"column":7}},"100":{"start":{"line":412,"column":28},"end":{"line":412,"column":46}},"101":{"start":{"line":415,"column":6},"end":{"line":421,"column":7}},"102":{"start":{"line":416,"column":8},"end":{"line":420,"column":10}},"103":{"start":{"line":424,"column":6},"end":{"line":430,"column":7}},"104":{"start":{"line":425,"column":8},"end":{"line":429,"column":12}},"105":{"start":{"line":425,"column":74},"end":{"line":429,"column":10}},"106":{"start":{"line":432,"column":6},"end":{"line":432,"column":27}},"107":{"start":{"line":437,"column":4},"end":{"line":437,"column":68}},"108":{"start":{"line":441,"column":4},"end":{"line":441,"column":47}},"109":{"start":{"line":446,"column":4},"end":{"line":477,"column":6}},"110":{"start":{"line":482,"column":4},"end":{"line":482,"column":55}},"111":{"start":{"line":483,"column":4},"end":{"line":483,"column":71}},"112":{"start":{"line":488,"column":4},"end":{"line":488,"column":64}},"113":{"start":{"line":489,"column":21},"end":{"line":489,"column":43}},"114":{"start":{"line":490,"column":4},"end":{"line":494,"column":6}},"115":{"start":{"line":499,"column":4},"end":{"line":499,"column":52}},"116":{"start":{"line":500,"column":4},"end":{"line":500,"column":70}},"117":{"start":{"line":505,"column":4},"end":{"line":526,"column":6}},"118":{"start":{"line":531,"column":4},"end":{"line":531,"column":46}},"119":{"start":{"line":532,"column":4},"end":{"line":532,"column":69}},"120":{"start":{"line":536,"column":4},"end":{"line":643,"column":5}},"121":{"start":{"line":538,"column":23},"end":{"line":546,"column":8}},"122":{"start":{"line":544,"column":87},"end":{"line":544,"column":97}},"123":{"start":{"line":549,"column":26},"end":{"line":549,"column":47}},"124":{"start":{"line":552,"column":31},"end":{"line":552,"column":95}},"125":{"start":{"line":554,"column":25},"end":{"line":574,"column":8}},"126":{"start":{"line":577,"column":27},"end":{"line":581,"column":24}},"127":{"start":{"line":584,"column":23},"end":{"line":586,"column":8}},"128":{"start":{"line":585,"column":88},"end":{"line":585,"column":98}},"129":{"start":{"line":589,"column":27},"end":{"line":597,"column":8}},"130":{"start":{"line":600,"column":28},"end":{"line":600,"column":77}},"131":{"start":{"line":603,"column":25},"end":{"line":605,"column":8}},"132":{"start":{"line":604,"column":8},"end":{"line":604,"column":54}},"133":{"start":{"line":607,"column":6},"end":{"line":634,"column":8}},"134":{"start":{"line":624,"column":57},"end":{"line":624,"column":83}},"135":{"start":{"line":636,"column":6},"end":{"line":636,"column":59}},"136":{"start":{"line":637,"column":6},"end":{"line":642,"column":8}},"137":{"start":{"line":648,"column":17},"end":{"line":648,"column":44}},"138":{"start":{"line":649,"column":4},"end":{"line":649,"column":21}},"139":{"start":{"line":650,"column":18},"end":{"line":650,"column":44}},"140":{"start":{"line":651,"column":4},"end":{"line":651,"column":20}},"141":{"start":{"line":652,"column":20},"end":{"line":652,"column":44}},"142":{"start":{"line":653,"column":4},"end":{"line":653,"column":39}},"143":{"start":{"line":656,"column":28},"end":{"line":656,"column":30}},"144":{"start":{"line":657,"column":4},"end":{"line":657,"column":41}},"145":{"start":{"line":657,"column":18},"end":{"line":657,"column":41}},"146":{"start":{"line":658,"column":4},"end":{"line":658,"column":43}},"147":{"start":{"line":658,"column":19},"end":{"line":658,"column":43}},"148":{"start":{"line":659,"column":4},"end":{"line":659,"column":47}},"149":{"start":{"line":659,"column":21},"end":{"line":659,"column":47}},"150":{"start":{"line":660,"column":4},"end":{"line":660,"column":47}},"151":{"start":{"line":660,"column":21},"end":{"line":660,"column":47}},"152":{"start":{"line":662,"column":4},"end":{"line":662,"column":27}},"153":{"start":{"line":667,"column":4},"end":{"line":667,"column":47}},"154":{"start":{"line":667,"column":29},"end":{"line":667,"column":47}},"155":{"start":{"line":668,"column":4},"end":{"line":668,"column":62}},"156":{"start":{"line":668,"column":45},"end":{"line":668,"column":62}},"157":{"start":{"line":671,"column":25},"end":{"line":671,"column":49}},"158":{"start":{"line":672,"column":4},"end":{"line":672,"column":54}},"159":{"start":{"line":672,"column":37},"end":{"line":672,"column":54}},"160":{"start":{"line":674,"column":4},"end":{"line":674,"column":25}},"161":{"start":{"line":679,"column":20},"end":{"line":679,"column":78}},"162":{"start":{"line":680,"column":20},"end":{"line":680,"column":61}},"163":{"start":{"line":681,"column":18},"end":{"line":681,"column":93}},"164":{"start":{"line":682,"column":21},"end":{"line":682,"column":52}},"165":{"start":{"line":684,"column":4},"end":{"line":703,"column":7}},"166":{"start":{"line":685,"column":21},"end":{"line":685,"column":72}},"167":{"start":{"line":686,"column":21},"end":{"line":686,"column":72}},"168":{"start":{"line":687,"column":19},"end":{"line":687,"column":66}},"169":{"start":{"line":688,"column":21},"end":{"line":688,"column":109}},"170":{"start":{"line":691,"column":24},"end":{"line":691,"column":34}},"171":{"start":{"line":692,"column":6},"end":{"line":692,"column":59}},"172":{"start":{"line":694,"column":6},"end":{"line":702,"column":8}},"173":{"start":{"line":708,"column":4},"end":{"line":805,"column":5}},"174":{"start":{"line":709,"column":26},"end":{"line":709,"column":47}},"175":{"start":{"line":710,"column":17},"end":{"line":710,"column":30}},"176":{"start":{"line":713,"column":19},"end":{"line":713,"column":28}},"177":{"start":{"line":714,"column":23},"end":{"line":714,"column":34}},"178":{"start":{"line":715,"column":23},"end":{"line":715,"column":36}},"179":{"start":{"line":716,"column":23},"end":{"line":716,"column":36}},"180":{"start":{"line":719,"column":22},"end":{"line":719,"column":34}},"181":{"start":{"line":722,"column":26},"end":{"line":722,"column":39}},"182":{"start":{"line":723,"column":25},"end":{"line":723,"column":37}},"183":{"start":{"line":724,"column":25},"end":{"line":724,"column":49}},"184":{"start":{"line":725,"column":33},"end":{"line":725,"column":77}},"185":{"start":{"line":728,"column":24},"end":{"line":728,"column":45}},"186":{"start":{"line":729,"column":23},"end":{"line":729,"column":43}},"187":{"start":{"line":730,"column":31},"end":{"line":730,"column":71}},"188":{"start":{"line":733,"column":24},"end":{"line":742,"column":8}},"189":{"start":{"line":745,"column":29},"end":{"line":749,"column":8}},"190":{"start":{"line":751,"column":6},"end":{"line":798,"column":8}},"191":{"start":{"line":800,"column":6},"end":{"line":800,"column":60}},"192":{"start":{"line":801,"column":6},"end":{"line":804,"column":8}},"193":{"start":{"line":810,"column":4},"end":{"line":894,"column":5}},"194":{"start":{"line":813,"column":21},"end":{"line":882,"column":8}},"195":{"start":{"line":884,"column":6},"end":{"line":887,"column":8}},"196":{"start":{"line":889,"column":6},"end":{"line":889,"column":62}},"197":{"start":{"line":890,"column":6},"end":{"line":893,"column":8}},"198":{"start":{"line":21,"column":13},"end":{"line":21,"column":25}},"199":{"start":{"line":21,"column":13},"end":{"line":896,"column":null}}},"fnMap":{"0":{"name":"(anonymous_4)","decl":{"start":{"line":22,"column":2},"end":{"line":22,"column":null}},"loc":{"start":{"line":29,"column":50},"end":{"line":30,"column":6}}},"1":{"name":"(anonymous_5)","decl":{"start":{"line":32,"column":2},"end":{"line":32,"column":7}},"loc":{"start":{"line":32,"column":46},"end":{"line":149,"column":3}}},"2":{"name":"(anonymous_6)","decl":{"start":{"line":82,"column":54},"end":{"line":82,"column":58}},"loc":{"start":{"line":82,"column":63},"end":{"line":89,"column":8}}},"3":{"name":"(anonymous_7)","decl":{"start":{"line":152,"column":10},"end":{"line":152,"column":15}},"loc":{"start":{"line":152,"column":56},"end":{"line":174,"column":3}}},"4":{"name":"(anonymous_8)","decl":{"start":{"line":158,"column":27},"end":{"line":158,"column":30}},"loc":{"start":{"line":158,"column":35},"end":{"line":168,"column":8}}},"5":{"name":"(anonymous_9)","decl":{"start":{"line":177,"column":10},"end":{"line":177,"column":15}},"loc":{"start":{"line":177,"column":34},"end":{"line":209,"column":3}}},"6":{"name":"(anonymous_10)","decl":{"start":{"line":184,"column":36},"end":{"line":184,"column":46}},"loc":{"start":{"line":184,"column":49},"end":{"line":204,"column":7}}},"7":{"name":"(anonymous_11)","decl":{"start":{"line":189,"column":44},"end":{"line":189,"column":48}},"loc":{"start":{"line":189,"column":52},"end":{"line":189,"column":88}}},"8":{"name":"(anonymous_12)","decl":{"start":{"line":212,"column":10},"end":{"line":212,"column":15}},"loc":{"start":{"line":212,"column":32},"end":{"line":247,"column":3}}},"9":{"name":"(anonymous_13)","decl":{"start":{"line":250,"column":10},"end":{"line":250,"column":15}},"loc":{"start":{"line":250,"column":30},"end":{"line":272,"column":3}}},"10":{"name":"(anonymous_14)","decl":{"start":{"line":258,"column":23},"end":{"line":258,"column":27}},"loc":{"start":{"line":258,"column":32},"end":{"line":266,"column":8}}},"11":{"name":"(anonymous_15)","decl":{"start":{"line":275,"column":10},"end":{"line":275,"column":15}},"loc":{"start":{"line":275,"column":34},"end":{"line":289,"column":3}}},"12":{"name":"(anonymous_16)","decl":{"start":{"line":292,"column":10},"end":{"line":292,"column":15}},"loc":{"start":{"line":292,"column":36},"end":{"line":309,"column":3}}},"13":{"name":"(anonymous_17)","decl":{"start":{"line":311,"column":2},"end":{"line":311,"column":7}},"loc":{"start":{"line":311,"column":35},"end":{"line":335,"column":3}}},"14":{"name":"(anonymous_18)","decl":{"start":{"line":326,"column":21},"end":{"line":326,"column":25}},"loc":{"start":{"line":326,"column":30},"end":{"line":334,"column":6}}},"15":{"name":"(anonymous_19)","decl":{"start":{"line":337,"column":2},"end":{"line":337,"column":7}},"loc":{"start":{"line":337,"column":41},"end":{"line":390,"column":3}}},"16":{"name":"(anonymous_20)","decl":{"start":{"line":355,"column":27},"end":{"line":355,"column":37}},"loc":{"start":{"line":355,"column":40},"end":{"line":389,"column":5}}},"17":{"name":"(anonymous_21)","decl":{"start":{"line":379,"column":61},"end":{"line":379,"column":65}},"loc":{"start":{"line":379,"column":70},"end":{"line":383,"column":10}}},"18":{"name":"(anonymous_22)","decl":{"start":{"line":392,"column":2},"end":{"line":392,"column":7}},"loc":{"start":{"line":392,"column":35},"end":{"line":434,"column":3}}},"19":{"name":"(anonymous_23)","decl":{"start":{"line":410,"column":21},"end":{"line":410,"column":25}},"loc":{"start":{"line":410,"column":28},"end":{"line":433,"column":5}}},"20":{"name":"(anonymous_24)","decl":{"start":{"line":425,"column":65},"end":{"line":425,"column":69}},"loc":{"start":{"line":425,"column":74},"end":{"line":429,"column":10}}},"21":{"name":"(anonymous_25)","decl":{"start":{"line":436,"column":2},"end":{"line":436,"column":7}},"loc":{"start":{"line":436,"column":58},"end":{"line":438,"column":3}}},"22":{"name":"(anonymous_26)","decl":{"start":{"line":440,"column":2},"end":{"line":440,"column":7}},"loc":{"start":{"line":440,"column":20},"end":{"line":442,"column":3}}},"23":{"name":"(anonymous_27)","decl":{"start":{"line":444,"column":2},"end":{"line":444,"column":7}},"loc":{"start":{"line":444,"column":25},"end":{"line":478,"column":3}}},"24":{"name":"(anonymous_28)","decl":{"start":{"line":480,"column":2},"end":{"line":480,"column":7}},"loc":{"start":{"line":480,"column":42},"end":{"line":484,"column":3}}},"25":{"name":"(anonymous_29)","decl":{"start":{"line":486,"column":2},"end":{"line":486,"column":7}},"loc":{"start":{"line":486,"column":83},"end":{"line":495,"column":3}}},"26":{"name":"(anonymous_30)","decl":{"start":{"line":497,"column":2},"end":{"line":497,"column":7}},"loc":{"start":{"line":497,"column":38},"end":{"line":501,"column":3}}},"27":{"name":"(anonymous_31)","decl":{"start":{"line":503,"column":2},"end":{"line":503,"column":7}},"loc":{"start":{"line":503,"column":18},"end":{"line":527,"column":3}}},"28":{"name":"(anonymous_32)","decl":{"start":{"line":529,"column":2},"end":{"line":529,"column":7}},"loc":{"start":{"line":529,"column":37},"end":{"line":533,"column":3}}},"29":{"name":"(anonymous_33)","decl":{"start":{"line":535,"column":2},"end":{"line":535,"column":7}},"loc":{"start":{"line":535,"column":44},"end":{"line":644,"column":3}}},"30":{"name":"(anonymous_34)","decl":{"start":{"line":544,"column":79},"end":{"line":544,"column":83}},"loc":{"start":{"line":544,"column":87},"end":{"line":544,"column":97}}},"31":{"name":"(anonymous_35)","decl":{"start":{"line":585,"column":80},"end":{"line":585,"column":84}},"loc":{"start":{"line":585,"column":88},"end":{"line":585,"column":98}}},"32":{"name":"(anonymous_36)","decl":{"start":{"line":603,"column":54},"end":{"line":603,"column":61}},"loc":{"start":{"line":603,"column":64},"end":{"line":605,"column":7}}},"33":{"name":"(anonymous_37)","decl":{"start":{"line":624,"column":52},"end":{"line":624,"column":53}},"loc":{"start":{"line":624,"column":57},"end":{"line":624,"column":83}}},"34":{"name":"(anonymous_38)","decl":{"start":{"line":647,"column":10},"end":{"line":647,"column":22}},"loc":{"start":{"line":647,"column":38},"end":{"line":663,"column":3}}},"35":{"name":"(anonymous_39)","decl":{"start":{"line":666,"column":10},"end":{"line":666,"column":32}},"loc":{"start":{"line":666,"column":63},"end":{"line":675,"column":3}}},"36":{"name":"(anonymous_40)","decl":{"start":{"line":678,"column":10},"end":{"line":678,"column":32}},"loc":{"start":{"line":678,"column":32},"end":{"line":704,"column":3}}},"37":{"name":"(anonymous_41)","decl":{"start":{"line":684,"column":32},"end":{"line":684,"column":33}},"loc":{"start":{"line":684,"column":45},"end":{"line":703,"column":5}}},"38":{"name":"(anonymous_42)","decl":{"start":{"line":707,"column":2},"end":{"line":707,"column":7}},"loc":{"start":{"line":707,"column":24},"end":{"line":806,"column":3}}},"39":{"name":"(anonymous_43)","decl":{"start":{"line":809,"column":2},"end":{"line":809,"column":7}},"loc":{"start":{"line":809,"column":26},"end":{"line":895,"column":3}}}},"branchMap":{"0":{"loc":{"start":{"line":116,"column":30},"end":{"line":118,"column":15}},"type":"cond-expr","locations":[{"start":{"line":117,"column":14},"end":{"line":117,"column":66}},{"start":{"line":118,"column":14},"end":{"line":118,"column":15}}]},"1":{"loc":{"start":{"line":160,"column":14},"end":{"line":160,"column":59}},"type":"cond-expr","locations":[{"start":{"line":160,"column":25},"end":{"line":160,"column":42}},{"start":{"line":160,"column":45},"end":{"line":160,"column":59}}]},"2":{"loc":{"start":{"line":165,"column":19},"end":{"line":165,"column":94}},"type":"cond-expr","locations":[{"start":{"line":165,"column":51},"end":{"line":165,"column":78}},{"start":{"line":165,"column":81},"end":{"line":165,"column":94}}]},"3":{"loc":{"start":{"line":185,"column":29},"end":{"line":185,"column":79}},"type":"cond-expr","locations":[{"start":{"line":185,"column":50},"end":{"line":185,"column":75}},{"start":{"line":185,"column":78},"end":{"line":185,"column":79}}]},"4":{"loc":{"start":{"line":187,"column":27},"end":{"line":187,"column":89}},"type":"cond-expr","locations":[{"start":{"line":187,"column":54},"end":{"line":187,"column":85}},{"start":{"line":187,"column":88},"end":{"line":187,"column":89}}]},"5":{"loc":{"start":{"line":188,"column":31},"end":{"line":190,"column":13}},"type":"cond-expr","locations":[{"start":{"line":189,"column":12},"end":{"line":189,"column":96}},{"start":{"line":190,"column":12},"end":{"line":190,"column":13}}]},"6":{"loc":{"start":{"line":192,"column":31},"end":{"line":192,"column":99}},"type":"cond-expr","locations":[{"start":{"line":192,"column":48},"end":{"line":192,"column":95}},{"start":{"line":192,"column":98},"end":{"line":192,"column":99}}]},"7":{"loc":{"start":{"line":201,"column":20},"end":{"line":201,"column":74}},"type":"cond-expr","locations":[{"start":{"line":201,"column":38},"end":{"line":201,"column":62}},{"start":{"line":201,"column":65},"end":{"line":201,"column":74}}]},"8":{"loc":{"start":{"line":202,"column":18},"end":{"line":202,"column":61}},"type":"cond-expr","locations":[{"start":{"line":202,"column":36},"end":{"line":202,"column":54}},{"start":{"line":202,"column":57},"end":{"line":202,"column":61}}]},"9":{"loc":{"start":{"line":265,"column":19},"end":{"line":265,"column":71}},"type":"cond-expr","locations":[{"start":{"line":265,"column":36},"end":{"line":265,"column":64}},{"start":{"line":265,"column":67},"end":{"line":265,"column":71}}]},"10":{"loc":{"start":{"line":314,"column":4},"end":{"line":323,"column":5}},"type":"if","locations":[{"start":{"line":314,"column":4},"end":{"line":323,"column":5}},{"start":{"line":321,"column":11},"end":{"line":323,"column":5}}]},"11":{"loc":{"start":{"line":340,"column":4},"end":{"line":352,"column":5}},"type":"if","locations":[{"start":{"line":340,"column":4},"end":{"line":352,"column":5}},{"start":{"line":348,"column":11},"end":{"line":352,"column":5}}]},"12":{"loc":{"start":{"line":369,"column":6},"end":{"line":375,"column":7}},"type":"if","locations":[{"start":{"line":369,"column":6},"end":{"line":375,"column":7}}]},"13":{"loc":{"start":{"line":378,"column":6},"end":{"line":386,"column":7}},"type":"if","locations":[{"start":{"line":378,"column":6},"end":{"line":386,"column":7}},{"start":{"line":384,"column":13},"end":{"line":386,"column":7}}]},"14":{"loc":{"start":{"line":378,"column":10},"end":{"line":378,"column":61}},"type":"binary-expr","locations":[{"start":{"line":378,"column":10},"end":{"line":378,"column":28}},{"start":{"line":378,"column":32},"end":{"line":378,"column":61}}]},"15":{"loc":{"start":{"line":395,"column":4},"end":{"line":407,"column":5}},"type":"if","locations":[{"start":{"line":395,"column":4},"end":{"line":407,"column":5}},{"start":{"line":403,"column":11},"end":{"line":407,"column":5}}]},"16":{"loc":{"start":{"line":415,"column":6},"end":{"line":421,"column":7}},"type":"if","locations":[{"start":{"line":415,"column":6},"end":{"line":421,"column":7}}]},"17":{"loc":{"start":{"line":424,"column":6},"end":{"line":430,"column":7}},"type":"if","locations":[{"start":{"line":424,"column":6},"end":{"line":430,"column":7}}]},"18":{"loc":{"start":{"line":424,"column":10},"end":{"line":424,"column":83}},"type":"binary-expr","locations":[{"start":{"line":424,"column":10},"end":{"line":424,"column":39}},{"start":{"line":424,"column":43},"end":{"line":424,"column":83}}]},"19":{"loc":{"start":{"line":563,"column":32},"end":{"line":563,"column":57}},"type":"binary-expr","locations":[{"start":{"line":563,"column":32},"end":{"line":563,"column":52}},{"start":{"line":563,"column":56},"end":{"line":563,"column":57}}]},"20":{"loc":{"start":{"line":565,"column":18},"end":{"line":566,"column":63}},"type":"cond-expr","locations":[{"start":{"line":565,"column":42},"end":{"line":565,"column":52}},{"start":{"line":566,"column":18},"end":{"line":566,"column":63}}]},"21":{"loc":{"start":{"line":566,"column":18},"end":{"line":566,"column":63}},"type":"cond-expr","locations":[{"start":{"line":566,"column":42},"end":{"line":566,"column":51}},{"start":{"line":566,"column":54},"end":{"line":566,"column":63}}]},"22":{"loc":{"start":{"line":604,"column":15},"end":{"line":604,"column":53}},"type":"cond-expr","locations":[{"start":{"line":604,"column":36},"end":{"line":604,"column":46}},{"start":{"line":604,"column":49},"end":{"line":604,"column":53}}]},"23":{"loc":{"start":{"line":612,"column":22},"end":{"line":617,"column":18}},"type":"cond-expr","locations":[{"start":{"line":612,"column":35},"end":{"line":617,"column":12}},{"start":{"line":617,"column":14},"end":{"line":617,"column":18}}]},"24":{"loc":{"start":{"line":627,"column":19},"end":{"line":627,"column":56}},"type":"binary-expr","locations":[{"start":{"line":627,"column":19},"end":{"line":627,"column":39}},{"start":{"line":627,"column":43},"end":{"line":627,"column":56}}]},"25":{"loc":{"start":{"line":628,"column":16},"end":{"line":628,"column":40}},"type":"binary-expr","locations":[{"start":{"line":628,"column":16},"end":{"line":628,"column":32}},{"start":{"line":628,"column":36},"end":{"line":628,"column":40}}]},"26":{"loc":{"start":{"line":629,"column":18},"end":{"line":629,"column":48}},"type":"binary-expr","locations":[{"start":{"line":629,"column":18},"end":{"line":629,"column":37}},{"start":{"line":629,"column":41},"end":{"line":629,"column":48}}]},"27":{"loc":{"start":{"line":630,"column":22},"end":{"line":630,"column":56}},"type":"binary-expr","locations":[{"start":{"line":630,"column":22},"end":{"line":630,"column":45}},{"start":{"line":630,"column":49},"end":{"line":630,"column":56}}]},"28":{"loc":{"start":{"line":657,"column":4},"end":{"line":657,"column":41}},"type":"if","locations":[{"start":{"line":657,"column":4},"end":{"line":657,"column":41}}]},"29":{"loc":{"start":{"line":658,"column":4},"end":{"line":658,"column":43}},"type":"if","locations":[{"start":{"line":658,"column":4},"end":{"line":658,"column":43}}]},"30":{"loc":{"start":{"line":659,"column":4},"end":{"line":659,"column":47}},"type":"if","locations":[{"start":{"line":659,"column":4},"end":{"line":659,"column":47}}]},"31":{"loc":{"start":{"line":660,"column":4},"end":{"line":660,"column":47}},"type":"if","locations":[{"start":{"line":660,"column":4},"end":{"line":660,"column":47}}]},"32":{"loc":{"start":{"line":667,"column":4},"end":{"line":667,"column":47}},"type":"if","locations":[{"start":{"line":667,"column":4},"end":{"line":667,"column":47}}]},"33":{"loc":{"start":{"line":668,"column":4},"end":{"line":668,"column":62}},"type":"if","locations":[{"start":{"line":668,"column":4},"end":{"line":668,"column":62}}]},"34":{"loc":{"start":{"line":672,"column":4},"end":{"line":672,"column":54}},"type":"if","locations":[{"start":{"line":672,"column":4},"end":{"line":672,"column":54}}]},"35":{"loc":{"start":{"line":781,"column":34},"end":{"line":781,"column":59}},"type":"binary-expr","locations":[{"start":{"line":781,"column":34},"end":{"line":781,"column":54}},{"start":{"line":781,"column":58},"end":{"line":781,"column":59}}]},"36":{"loc":{"start":{"line":787,"column":23},"end":{"line":787,"column":60}},"type":"binary-expr","locations":[{"start":{"line":787,"column":23},"end":{"line":787,"column":43}},{"start":{"line":787,"column":47},"end":{"line":787,"column":60}}]}},"s":{"0":0,"1":0,"2":0,"3":0,"4":0,"5":0,"6":0,"7":0,"8":0,"9":0,"10":0,"11":0,"12":0,"13":0,"14":0,"15":0,"16":0,"17":0,"18":0,"19":0,"20":0,"21":0,"22":0,"23":0,"24":0,"25":0,"26":0,"27":0,"28":0,"29":0,"30":0,"31":0,"32":0,"33":0,"34":0,"35":0,"36":0,"37":0,"38":0,"39":0,"40":0,"41":0,"42":0,"43":0,"44":0,"45":0,"46":0,"47":0,"48":0,"49":0,"50":0,"51":0,"52":0,"53":0,"54":0,"55":0,"56":0,"57":0,"58":0,"59":0,"60":0,"61":0,"62":0,"63":0,"64":0,"65":0,"66":0,"67":0,"68":0,"69":0,"70":0,"71":0,"72":0,"73":0,"74":0,"75":0,"76":0,"77":0,"78":0,"79":0,"80":0,"81":0,"82":0,"83":0,"84":0,"85":0,"86":0,"87":0,"88":0,"89":0,"90":0,"91":0,"92":0,"93":0,"94":0,"95":0,"96":0,"97":0,"98":0,"99":0,"100":0,"101":0,"102":0,"103":0,"104":0,"105":0,"106":0,"107":0,"108":0,"109":0,"110":0,"111":0,"112":0,"113":0,"114":0,"115":0,"116":0,"117":0,"118":0,"119":0,"120":0,"121":0,"122":0,"123":0,"124":0,"125":0,"126":0,"127":0,"128":0,"129":0,"130":0,"131":0,"132":0,"133":0,"134":0,"135":0,"136":0,"137":0,"138":0,"139":0,"140":0,"141":0,"142":0,"143":0,"144":0,"145":0,"146":0,"147":0,"148":0,"149":0,"150":0,"151":0,"152":0,"153":0,"154":0,"155":0,"156":0,"157":0,"158":0,"159":0,"160":0,"161":0,"162":0,"163":0,"164":0,"165":0,"166":0,"167":0,"168":0,"169":0,"170":0,"171":0,"172":0,"173":0,"174":0,"175":0,"176":0,"177":0,"178":0,"179":0,"180":0,"181":0,"182":0,"183":0,"184":0,"185":0,"186":0,"187":0,"188":0,"189":0,"190":0,"191":0,"192":0,"193":0,"194":0,"195":0,"196":0,"197":0,"198":0,"199":0},"f":{"0":0,"1":0,"2":0,"3":0,"4":0,"5":0,"6":0,"7":0,"8":0,"9":0,"10":0,"11":0,"12":0,"13":0,"14":0,"15":0,"16":0,"17":0,"18":0,"19":0,"20":0,"21":0,"22":0,"23":0,"24":0,"25":0,"26":0,"27":0,"28":0,"29":0,"30":0,"31":0,"32":0,"33":0,"34":0,"35":0,"36":0,"37":0,"38":0,"39":0},"b":{"0":[0,0],"1":[0,0],"2":[0,0],"3":[0,0],"4":[0,0],"5":[0,0],"6":[0,0],"7":[0,0],"8":[0,0],"9":[0,0],"10":[0,0],"11":[0,0],"12":[0],"13":[0,0],"14":[0,0],"15":[0,0],"16":[0],"17":[0],"18":[0,0],"19":[0,0],"20":[0,0],"21":[0,0],"22":[0,0],"23":[0,0],"24":[0,0],"25":[0,0],"26":[0,0],"27":[0,0],"28":[0],"29":[0],"30":[0],"31":[0],"32":[0],"33":[0],"34":[0],"35":[0,0],"36":[0,0]}}
,"C:\\Projects\\nsdo-taskm\\backend-nest\\src\\admin\\controllers\\activity-logs.controller.ts": {"path":"C:\\Projects\\nsdo-taskm\\backend-nest\\src\\admin\\controllers\\activity-logs.controller.ts","statementMap":{"0":{"start":{"line":1,"column":0},"end":{"line":1,"column":91}},"1":{"start":{"line":2,"column":0},"end":{"line":2,"column":64}},"2":{"start":{"line":3,"column":0},"end":{"line":3,"column":59}},"3":{"start":{"line":4,"column":0},"end":{"line":4,"column":62}},"4":{"start":{"line":5,"column":0},"end":{"line":5,"column":60}},"5":{"start":{"line":6,"column":0},"end":{"line":6,"column":70}},"6":{"start":{"line":33,"column":7},"end":{"line":114,"column":null}},"7":{"start":{"line":34,"column":31},"end":{"line":34,"column":51}},"8":{"start":{"line":51,"column":25},"end":{"line":51,"column":27}},"9":{"start":{"line":53,"column":4},"end":{"line":53,"column":59}},"10":{"start":{"line":53,"column":19},"end":{"line":53,"column":59}},"11":{"start":{"line":54,"column":4},"end":{"line":54,"column":53}},"12":{"start":{"line":54,"column":17},"end":{"line":54,"column":53}},"13":{"start":{"line":55,"column":4},"end":{"line":55,"column":40}},"14":{"start":{"line":55,"column":16},"end":{"line":55,"column":40}},"15":{"start":{"line":56,"column":4},"end":{"line":56,"column":40}},"16":{"start":{"line":56,"column":16},"end":{"line":56,"column":40}},"17":{"start":{"line":57,"column":4},"end":{"line":57,"column":43}},"18":{"start":{"line":57,"column":17},"end":{"line":57,"column":43}},"19":{"start":{"line":58,"column":4},"end":{"line":58,"column":40}},"20":{"start":{"line":58,"column":16},"end":{"line":58,"column":40}},"21":{"start":{"line":59,"column":4},"end":{"line":59,"column":40}},"22":{"start":{"line":59,"column":16},"end":{"line":59,"column":40}},"23":{"start":{"line":60,"column":4},"end":{"line":60,"column":48}},"24":{"start":{"line":60,"column":14},"end":{"line":60,"column":48}},"25":{"start":{"line":61,"column":4},"end":{"line":61,"column":51}},"26":{"start":{"line":61,"column":15},"end":{"line":61,"column":51}},"27":{"start":{"line":63,"column":19},"end":{"line":63,"column":75}},"28":{"start":{"line":66,"column":26},"end":{"line":71,"column":6}},"29":{"start":{"line":67,"column":6},"end":{"line":70,"column":32}},"30":{"start":{"line":73,"column":4},"end":{"line":76,"column":6}},"31":{"start":{"line":88,"column":19},"end":{"line":92,"column":16}},"32":{"start":{"line":95,"column":26},"end":{"line":100,"column":6}},"33":{"start":{"line":96,"column":6},"end":{"line":99,"column":32}},"34":{"start":{"line":102,"column":4},"end":{"line":105,"column":6}},"35":{"start":{"line":112,"column":4},"end":{"line":112,"column":47}},"36":{"start":{"line":33,"column":13},"end":{"line":33,"column":35}},"37":{"start":{"line":39,"column":8},"end":{"line":77,"column":null}},"38":{"start":{"line":82,"column":8},"end":{"line":106,"column":null}},"39":{"start":{"line":111,"column":8},"end":{"line":113,"column":null}},"40":{"start":{"line":33,"column":13},"end":{"line":114,"column":null}}},"fnMap":{"0":{"name":"(anonymous_4)","decl":{"start":{"line":34,"column":2},"end":{"line":34,"column":31}},"loc":{"start":{"line":34,"column":69},"end":{"line":34,"column":73}}},"1":{"name":"(anonymous_5)","decl":{"start":{"line":39,"column":2},"end":{"line":39,"column":7}},"loc":{"start":{"line":49,"column":34},"end":{"line":77,"column":3}}},"2":{"name":"(anonymous_6)","decl":{"start":{"line":66,"column":42},"end":{"line":66,"column":45}},"loc":{"start":{"line":66,"column":48},"end":{"line":71,"column":5}}},"3":{"name":"(anonymous_7)","decl":{"start":{"line":82,"column":2},"end":{"line":82,"column":7}},"loc":{"start":{"line":86,"column":34},"end":{"line":106,"column":3}}},"4":{"name":"(anonymous_8)","decl":{"start":{"line":95,"column":42},"end":{"line":95,"column":45}},"loc":{"start":{"line":95,"column":48},"end":{"line":100,"column":5}}},"5":{"name":"(anonymous_9)","decl":{"start":{"line":111,"column":2},"end":{"line":111,"column":7}},"loc":{"start":{"line":111,"column":17},"end":{"line":113,"column":3}}}},"branchMap":{"0":{"loc":{"start":{"line":53,"column":4},"end":{"line":53,"column":59}},"type":"if","locations":[{"start":{"line":53,"column":4},"end":{"line":53,"column":59}}]},"1":{"loc":{"start":{"line":54,"column":4},"end":{"line":54,"column":53}},"type":"if","locations":[{"start":{"line":54,"column":4},"end":{"line":54,"column":53}}]},"2":{"loc":{"start":{"line":55,"column":4},"end":{"line":55,"column":40}},"type":"if","locations":[{"start":{"line":55,"column":4},"end":{"line":55,"column":40}}]},"3":{"loc":{"start":{"line":56,"column":4},"end":{"line":56,"column":40}},"type":"if","locations":[{"start":{"line":56,"column":4},"end":{"line":56,"column":40}}]},"4":{"loc":{"start":{"line":57,"column":4},"end":{"line":57,"column":43}},"type":"if","locations":[{"start":{"line":57,"column":4},"end":{"line":57,"column":43}}]},"5":{"loc":{"start":{"line":58,"column":4},"end":{"line":58,"column":40}},"type":"if","locations":[{"start":{"line":58,"column":4},"end":{"line":58,"column":40}}]},"6":{"loc":{"start":{"line":59,"column":4},"end":{"line":59,"column":40}},"type":"if","locations":[{"start":{"line":59,"column":4},"end":{"line":59,"column":40}}]},"7":{"loc":{"start":{"line":60,"column":4},"end":{"line":60,"column":48}},"type":"if","locations":[{"start":{"line":60,"column":4},"end":{"line":60,"column":48}}]},"8":{"loc":{"start":{"line":61,"column":4},"end":{"line":61,"column":51}},"type":"if","locations":[{"start":{"line":61,"column":4},"end":{"line":61,"column":51}}]},"9":{"loc":{"start":{"line":69,"column":14},"end":{"line":69,"column":103}},"type":"cond-expr","locations":[{"start":{"line":69,"column":26},"end":{"line":69,"column":85}},{"start":{"line":69,"column":89},"end":{"line":69,"column":103}}]},"10":{"loc":{"start":{"line":69,"column":26},"end":{"line":69,"column":85}},"type":"cond-expr","locations":[{"start":{"line":69,"column":57},"end":{"line":69,"column":74}},{"start":{"line":69,"column":77},"end":{"line":69,"column":85}}]},"11":{"loc":{"start":{"line":90,"column":12},"end":{"line":90,"column":41}},"type":"cond-expr","locations":[{"start":{"line":90,"column":19},"end":{"line":90,"column":37}},{"start":{"line":90,"column":40},"end":{"line":90,"column":41}}]},"12":{"loc":{"start":{"line":91,"column":13},"end":{"line":91,"column":45}},"type":"cond-expr","locations":[{"start":{"line":91,"column":21},"end":{"line":91,"column":40}},{"start":{"line":91,"column":43},"end":{"line":91,"column":45}}]},"13":{"loc":{"start":{"line":98,"column":14},"end":{"line":98,"column":103}},"type":"cond-expr","locations":[{"start":{"line":98,"column":26},"end":{"line":98,"column":85}},{"start":{"line":98,"column":89},"end":{"line":98,"column":103}}]},"14":{"loc":{"start":{"line":98,"column":26},"end":{"line":98,"column":85}},"type":"cond-expr","locations":[{"start":{"line":98,"column":57},"end":{"line":98,"column":74}},{"start":{"line":98,"column":77},"end":{"line":98,"column":85}}]}},"s":{"0":0,"1":0,"2":0,"3":0,"4":0,"5":0,"6":0,"7":0,"8":0,"9":0,"10":0,"11":0,"12":0,"13":0,"14":0,"15":0,"16":0,"17":0,"18":0,"19":0,"20":0,"21":0,"22":0,"23":0,"24":0,"25":0,"26":0,"27":0,"28":0,"29":0,"30":0,"31":0,"32":0,"33":0,"34":0,"35":0,"36":0,"37":0,"38":0,"39":0,"40":0},"f":{"0":0,"1":0,"2":0,"3":0,"4":0,"5":0},"b":{"0":[0],"1":[0],"2":[0],"3":[0],"4":[0],"5":[0],"6":[0],"7":[0],"8":[0],"9":[0,0],"10":[0,0],"11":[0,0],"12":[0,0],"13":[0,0],"14":[0,0]}}
,"C:\\Projects\\nsdo-taskm\\backend-nest\\src\\admin\\controllers\\admin-departments.controller.ts": {"path":"C:\\Projects\\nsdo-taskm\\backend-nest\\src\\admin\\controllers\\admin-departments.controller.ts","statementMap":{"0":{"start":{"line":1,"column":0},"end":{"line":1,"column":73}},"1":{"start":{"line":2,"column":0},"end":{"line":2,"column":75}},"2":{"start":{"line":3,"column":0},"end":{"line":3,"column":82}},"3":{"start":{"line":4,"column":0},"end":{"line":4,"column":64}},"4":{"start":{"line":5,"column":0},"end":{"line":5,"column":59}},"5":{"start":{"line":6,"column":0},"end":{"line":6,"column":62}},"6":{"start":{"line":7,"column":0},"end":{"line":7,"column":60}},"7":{"start":{"line":12,"column":7},"end":{"line":22,"column":null}},"8":{"start":{"line":13,"column":31},"end":{"line":13,"column":51}},"9":{"start":{"line":20,"column":4},"end":{"line":20,"column":67}},"10":{"start":{"line":12,"column":13},"end":{"line":12,"column":39}},"11":{"start":{"line":16,"column":8},"end":{"line":21,"column":null}},"12":{"start":{"line":12,"column":13},"end":{"line":22,"column":null}}},"fnMap":{"0":{"name":"(anonymous_4)","decl":{"start":{"line":13,"column":2},"end":{"line":13,"column":31}},"loc":{"start":{"line":13,"column":69},"end":{"line":13,"column":73}}},"1":{"name":"(anonymous_5)","decl":{"start":{"line":16,"column":2},"end":{"line":16,"column":7}},"loc":{"start":{"line":18,"column":52},"end":{"line":21,"column":3}}}},"branchMap":{},"s":{"0":0,"1":0,"2":0,"3":0,"4":0,"5":0,"6":0,"7":0,"8":0,"9":0,"10":0,"11":0,"12":0},"f":{"0":0,"1":0},"b":{}}
,"C:\\Projects\\nsdo-taskm\\backend-nest\\src\\admin\\decorators\\log-activity.decorator.ts": {"path":"C:\\Projects\\nsdo-taskm\\backend-nest\\src\\admin\\decorators\\log-activity.decorator.ts","statementMap":{"0":{"start":{"line":11,"column":0},"end":{"line":11,"column":16}},"1":{"start":{"line":1,"column":0},"end":{"line":1,"column":66}},"2":{"start":{"line":2,"column":0},"end":{"line":2,"column":91}},"3":{"start":{"line":13,"column":2},"end":{"line":35,"column":4}},"4":{"start":{"line":14,"column":27},"end":{"line":14,"column":43}},"5":{"start":{"line":16,"column":4},"end":{"line":32,"column":6}},"6":{"start":{"line":18,"column":34},"end":{"line":18,"column":65}},"7":{"start":{"line":20,"column":6},"end":{"line":23,"column":7}},"8":{"start":{"line":21,"column":8},"end":{"line":21,"column":97}},"9":{"start":{"line":22,"column":8},"end":{"line":22,"column":48}},"10":{"start":{"line":26,"column":6},"end":{"line":29,"column":34}},"11":{"start":{"line":31,"column":6},"end":{"line":31,"column":46}},"12":{"start":{"line":34,"column":4},"end":{"line":34,"column":22}}},"fnMap":{"0":{"name":"LogActivity","decl":{"start":{"line":11,"column":16},"end":{"line":11,"column":27}},"loc":{"start":{"line":11,"column":75},"end":{"line":36,"column":1}}},"1":{"name":"(anonymous_1)","decl":{"start":{"line":13,"column":9},"end":{"line":13,"column":10}},"loc":{"start":{"line":13,"column":70},"end":{"line":35,"column":3}}},"2":{"name":"(anonymous_2)","decl":{"start":{"line":16,"column":23},"end":{"line":16,"column":32}},"loc":{"start":{"line":16,"column":46},"end":{"line":32,"column":5}}}},"branchMap":{"0":{"loc":{"start":{"line":20,"column":6},"end":{"line":23,"column":7}},"type":"if","locations":[{"start":{"line":20,"column":6},"end":{"line":23,"column":7}}]}},"s":{"0":0,"1":0,"2":0,"3":0,"4":0,"5":0,"6":0,"7":0,"8":0,"9":0,"10":0,"11":0,"12":0},"f":{"0":0,"1":0,"2":0},"b":{"0":[0]}}
,"C:\\Projects\\nsdo-taskm\\backend-nest\\src\\admin\\entities\\activity-log.entity.ts": {"path":"C:\\Projects\\nsdo-taskm\\backend-nest\\src\\admin\\entities\\activity-log.entity.ts","statementMap":{"0":{"start":{"line":1,"column":0},"end":{"line":1,"column":106}},"1":{"start":{"line":2,"column":0},"end":{"line":2,"column":56}},"2":{"start":{"line":5,"column":7},"end":{"line":40,"column":null}},"3":{"start":{"line":5,"column":13},"end":{"line":5,"column":24}},"4":{"start":{"line":7,"column":2},"end":{"line":7,"column":null}},"5":{"start":{"line":11,"column":2},"end":{"line":11,"column":null}},"6":{"start":{"line":9,"column":19},"end":{"line":9,"column":23}},"7":{"start":{"line":14,"column":2},"end":{"line":14,"column":null}},"8":{"start":{"line":17,"column":2},"end":{"line":17,"column":null}},"9":{"start":{"line":20,"column":2},"end":{"line":20,"column":null}},"10":{"start":{"line":23,"column":2},"end":{"line":23,"column":null}},"11":{"start":{"line":26,"column":2},"end":{"line":26,"column":null}},"12":{"start":{"line":29,"column":2},"end":{"line":29,"column":null}},"13":{"start":{"line":36,"column":2},"end":{"line":36,"column":null}},"14":{"start":{"line":39,"column":2},"end":{"line":39,"column":null}},"15":{"start":{"line":5,"column":13},"end":{"line":40,"column":null}}},"fnMap":{"0":{"name":"(anonymous_2)","decl":{"start":{"line":9,"column":13},"end":{"line":9,"column":16}},"loc":{"start":{"line":9,"column":19},"end":{"line":9,"column":23}}}},"branchMap":{},"s":{"0":0,"1":0,"2":0,"3":0,"4":0,"5":0,"6":0,"7":0,"8":0,"9":0,"10":0,"11":0,"12":0,"13":0,"14":0,"15":0},"f":{"0":0},"b":{}}
,"C:\\Projects\\nsdo-taskm\\backend-nest\\src\\admin\\interceptors\\activity-logger.interceptor.ts": {"path":"C:\\Projects\\nsdo-taskm\\backend-nest\\src\\admin\\interceptors\\activity-logger.interceptor.ts","statementMap":{"0":{"start":{"line":57,"column":0},"end":{"line":57,"column":16}},"1":{"start":{"line":1,"column":0},"end":{"line":1,"column":92}},"2":{"start":{"line":3,"column":0},"end":{"line":3,"column":37}},"3":{"start":{"line":4,"column":0},"end":{"line":4,"column":70}},"4":{"start":{"line":13,"column":7},"end":{"line":54,"column":null}},"5":{"start":{"line":15,"column":21},"end":{"line":15,"column":41}},"6":{"start":{"line":16,"column":21},"end":{"line":16,"column":42}},"7":{"start":{"line":20,"column":20},"end":{"line":20,"column":55}},"8":{"start":{"line":21,"column":40},"end":{"line":21,"column":51}},"9":{"start":{"line":22,"column":21},"end":{"line":22,"column":39}},"10":{"start":{"line":25,"column":22},"end":{"line":25,"column":32}},"11":{"start":{"line":27,"column":4},"end":{"line":52,"column":6}},"12":{"start":{"line":31,"column":10},"end":{"line":38,"column":12}},"13":{"start":{"line":42,"column":10},"end":{"line":49,"column":12}},"14":{"start":{"line":13,"column":13},"end":{"line":13,"column":38}},"15":{"start":{"line":13,"column":13},"end":{"line":54,"column":null}},"16":{"start":{"line":58,"column":2},"end":{"line":58,"column":67}}},"fnMap":{"0":{"name":"(anonymous_2)","decl":{"start":{"line":14,"column":2},"end":{"line":14,"column":null}},"loc":{"start":{"line":16,"column":42},"end":{"line":17,"column":6}}},"1":{"name":"(anonymous_3)","decl":{"start":{"line":19,"column":2},"end":{"line":19,"column":11}},"loc":{"start":{"line":19,"column":56},"end":{"line":53,"column":3}}},"2":{"name":"(anonymous_4)","decl":{"start":{"line":29,"column":14},"end":{"line":29,"column":15}},"loc":{"start":{"line":29,"column":23},"end":{"line":39,"column":9}}},"3":{"name":"(anonymous_5)","decl":{"start":{"line":40,"column":15},"end":{"line":40,"column":16}},"loc":{"start":{"line":40,"column":25},"end":{"line":50,"column":9}}},"4":{"name":"createActivityLogInterceptor","decl":{"start":{"line":57,"column":16},"end":{"line":57,"column":44}},"loc":{"start":{"line":57,"column":106},"end":{"line":59,"column":1}}}},"branchMap":{},"s":{"0":0,"1":0,"2":0,"3":0,"4":0,"5":0,"6":0,"7":0,"8":0,"9":0,"10":0,"11":0,"12":0,"13":0,"14":0,"15":0,"16":0},"f":{"0":0,"1":0,"2":0,"3":0,"4":0},"b":{}}
,"C:\\Projects\\nsdo-taskm\\backend-nest\\src\\admin\\services\\activity-log.service.ts": {"path":"C:\\Projects\\nsdo-taskm\\backend-nest\\src\\admin\\services\\activity-log.service.ts","statementMap":{"0":{"start":{"line":1,"column":0},"end":{"line":1,"column":44}},"1":{"start":{"line":2,"column":0},"end":{"line":2,"column":51}},"2":{"start":{"line":3,"column":0},"end":{"line":3,"column":52}},"3":{"start":{"line":4,"column":0},"end":{"line":4,"column":62}},"4":{"start":{"line":5,"column":0},"end":{"line":5,"column":66}},"5":{"start":{"line":7,"column":0},"end":{"line":7,"column":40}},"6":{"start":{"line":10,"column":31},"end":{"line":172,"column":null}},"7":{"start":{"line":11,"column":28},"end":{"line":11,"column":63}},"8":{"start":{"line":15,"column":12},"end":{"line":15,"column":35}},"9":{"start":{"line":30,"column":4},"end":{"line":30,"column":86}},"10":{"start":{"line":32,"column":24},"end":{"line":40,"column":6}},"11":{"start":{"line":42,"column":4},"end":{"line":49,"column":5}},"12":{"start":{"line":43,"column":23},"end":{"line":43,"column":73}},"13":{"start":{"line":44,"column":6},"end":{"line":44,"column":84}},"14":{"start":{"line":45,"column":6},"end":{"line":45,"column":22}},"15":{"start":{"line":47,"column":6},"end":{"line":47,"column":98}},"16":{"start":{"line":48,"column":6},"end":{"line":48,"column":18}},"17":{"start":{"line":63,"column":24},"end":{"line":63,"column":94}},"18":{"start":{"line":64,"column":19},"end":{"line":64,"column":38}},"19":{"start":{"line":65,"column":23},"end":{"line":65,"column":86}},"20":{"start":{"line":67,"column":4},"end":{"line":67,"column":99}},"21":{"start":{"line":68,"column":4},"end":{"line":68,"column":68}},"22":{"start":{"line":70,"column":4},"end":{"line":73,"column":5}},"23":{"start":{"line":71,"column":8},"end":{"line":71,"column":107}},"24":{"start":{"line":72,"column":8},"end":{"line":72,"column":93}},"25":{"start":{"line":76,"column":4},"end":{"line":84,"column":7}},"26":{"start":{"line":114,"column":8},"end":{"line":114,"column":15}},"27":{"start":{"line":117,"column":31},"end":{"line":117,"column":33}},"28":{"start":{"line":121,"column":4},"end":{"line":144,"column":5}},"29":{"start":{"line":122,"column":8},"end":{"line":122,"column":126}},"30":{"start":{"line":124,"column":8},"end":{"line":124,"column":90}},"31":{"start":{"line":124,"column":34},"end":{"line":124,"column":90}},"32":{"start":{"line":125,"column":8},"end":{"line":125,"column":52}},"33":{"start":{"line":125,"column":20},"end":{"line":125,"column":52}},"34":{"start":{"line":126,"column":8},"end":{"line":126,"column":52}},"35":{"start":{"line":126,"column":20},"end":
[...]
mn":106}},"14":{"start":{"line":25,"column":6},"end":{"line":28,"column":7}},"15":{"start":{"line":26,"column":8},"end":{"line":26,"column":69}},"16":{"start":{"line":27,"column":8},"end":{"line":27,"column":80}},"17":{"start":{"line":30,"column":6},"end":{"line":30,"column":79}},"18":{"start":{"line":31,"column":6},"end":{"line":31,"column":18}},"19":{"start":{"line":33,"column":6},"end":{"line":33,"column":103}},"20":{"start":{"line":34,"column":6},"end":{"line":34,"column":18}},"21":{"start":{"line":39,"column":4},"end":{"line":54,"column":5}},"22":{"start":{"line":40,"column":6},"end":{"line":40,"column":57}},"23":{"start":{"line":42,"column":19},"end":{"line":42,"column":100}},"24":{"start":{"line":44,"column":6},"end":{"line":47,"column":7}},"25":{"start":{"line":45,"column":8},"end":{"line":45,"column":57}},"26":{"start":{"line":46,"column":8},"end":{"line":46,"column":68}},"27":{"start":{"line":49,"column":6},"end":{"line":49,"column":79}},"28":{"start":{"line":50,"column":6},"end":{"line":50,"column":18}},"29":{"start":{"line":52,"column":6},"end":{"line":52,"column":91}},"30":{"start":{"line":53,"column":6},"end":{"line":53,"column":18}},"31":{"start":{"line":58,"column":4},"end":{"line":72,"column":5}},"32":{"start":{"line":59,"column":6},"end":{"line":59,"column":78}},"33":{"start":{"line":61,"column":20},"end":{"line":65,"column":18}},"34":{"start":{"line":67,"column":6},"end":{"line":67,"column":92}},"35":{"start":{"line":68,"column":6},"end":{"line":68,"column":19}},"36":{"start":{"line":70,"column":6},"end":{"line":70,"column":108}},"37":{"start":{"line":71,"column":6},"end":{"line":71,"column":16}},"38":{"start":{"line":76,"column":4},"end":{"line":84,"column":5}},"39":{"start":{"line":77,"column":6},"end":{"line":77,"column":43}},"40":{"start":{"line":78,"column":20},"end":{"line":78,"column":83}},"41":{"start":{"line":79,"column":6},"end":{"line":79,"column":53}},"42":{"start":{"line":80,"column":6},"end":{"line":80,"column":19}},"43":{"start":{"line":82,"column":6},"end":{"line":82,"column":82}},"44":{"start":{"line":83,"column":6},"end":{"line":83,"column":18}},"45":{"start":{"line":88,"column":4},"end":{"line":88,"column":100}},"46":{"start":{"line":90,"column":4},"end":{"line":110,"column":5}},"47":{"start":{"line":92,"column":19},"end":{"line":92,"column":41}},"48":{"start":{"line":93,"column":29},"end":{"line":93,"column":62}},"49":{"start":{"line":96,"column":19},"end":{"line":101,"column":8}},"50":{"start":{"line":104,"column":24},"end":{"line":104,"column":61}},"51":{"start":{"line":105,"column":6},"end":{"line":105,"column":99}},"52":{"start":{"line":106,"column":6},"end":{"line":106,"column":23}},"53":{"start":{"line":108,"column":6},"end":{"line":108,"column":104}},"54":{"start":{"line":109,"column":6},"end":{"line":109,"column":18}},"55":{"start":{"line":114,"column":4},"end":{"line":114,"column":91}},"56":{"start":{"line":115,"column":4},"end":{"line":115,"column":66}},"57":{"start":{"line":119,"column":4},"end":{"line":127,"column":5}},"58":{"start":{"line":120,"column":6},"end":{"line":120,"column":62}},"59":{"start":{"line":121,"column":20},"end":{"line":121,"column":72}},"60":{"start":{"line":122,"column":6},"end":{"line":122,"column":72}},"61":{"start":{"line":123,"column":6},"end":{"line":123,"column":19}},"62":{"start":{"line":125,"column":6},"end":{"line":125,"column":96}},"63":{"start":{"line":126,"column":6},"end":{"line":126,"column":18}},"64":{"start":{"line":131,"column":4},"end":{"line":148,"column":5}},"65":{"start":{"line":132,"column":6},"end":{"line":132,"column":54}},"66":{"start":{"line":135,"column":6},"end":{"line":135,"column":30}},"67":{"start":{"line":138,"column":21},"end":{"line":138,"column":58}},"68":{"start":{"line":140,"column":6},"end":{"line":142,"column":7}},"69":{"start":{"line":141,"column":8},"end":{"line":141,"column":68}},"70":{"start":{"line":144,"column":6},"end":{"line":144,"column":66}},"71":{"start":{"line":146,"column":6},"end":{"line":146,"column":92}},"72":{"start":{"line":147,"column":6},"end":{"line":147,"column":18}},"73":{"start":{"line":152,"column":4},"end":{"line":169,"column":5}},"74":{"start":{"line":153,"column":6},"end":{"line":153,"column":67}},"75":{"start":{"line":156,"column":19},"end":{"line":156,"column":42}},"76":{"start":{"line":159,"column":6},"end":{"line":159,"column":37}},"77":{"start":{"line":162,"column":26},"end":{"line":162,"column":63}},"78":{"start":{"line":164,"column":6},"end":{"line":164,"column":79}},"79":{"start":{"line":165,"column":6},"end":{"line":165,"column":25}},"80":{"start":{"line":167,"column":6},"end":{"line":167,"column":105}},"81":{"start":{"line":168,"column":6},"end":{"line":168,"column":18}},"82":{"start":{"line":173,"column":4},"end":{"line":190,"column":5}},"83":{"start":{"line":174,"column":6},"end":{"line":174,"column":104}},"84":{"start":{"line":177,"column":19},"end":{"line":177,"column":42}},"85":{"start":{"line":180,"column":6},"end":{"line":180,"column":31}},"86":{"start":{"line":183,"column":26},"end":{"line":183,"column":63}},"87":{"start":{"line":185,"column":6},"end":{"line":185,"column":116}},"88":{"start":{"line":186,"column":6},"end":{"line":186,"column":25}},"89":{"start":{"line":188,"column":6},"end":{"line":188,"column":103}},"90":{"start":{"line":189,"column":6},"end":{"line":189,"column":18}},"91":{"start":{"line":194,"column":4},"end":{"line":229,"column":5}},"92":{"start":{"line":195,"column":6},"end":{"line":195,"column":54}},"93":{"start":{"line":198,"column":19},"end":{"line":198,"column":42}},"94":{"start":{"line":203,"column":28},"end":{"line":213,"column":8}},"95":{"start":{"line":215,"column":6},"end":{"line":219,"column":7}},"96":{"start":{"line":216,"column":8},"end":{"line":218,"column":9}},"97":{"start":{"line":217,"column":10},"end":{"line":217,"column":42}},"98":{"start":{"line":222,"column":26},"end":{"line":222,"column":63}},"99":{"start":{"line":224,"column":6},"end":{"line":224,"column":66}},"100":{"start":{"line":225,"column":6},"end":{"line":225,"column":25}},"101":{"start":{"line":227,"column":6},"end":{"line":227,"column":92}},"102":{"start":{"line":228,"column":6},"end":{"line":228,"column":18}},"103":{"start":{"line":9,"column":13},"end":{"line":9,"column":25}},"104":{"start":{"line":9,"column":13},"end":{"line":231,"column":null}},"105":{"start":{"line":15,"column":29},"end":{"line":15,"column":47}}},"fnMap":{"0":{"name":"(anonymous_4)","decl":{"start":{"line":12,"column":2},"end":{"line":12,"column":null}},"loc":{"start":{"line":16,"column":50},"end":{"line":17,"column":6}}},"1":{"name":"(anonymous_5)","decl":{"start":{"line":19,"column":2},"end":{"line":19,"column":7}},"loc":{"start":{"line":19,"column":32},"end":{"line":36,"column":3}}},"2":{"name":"(anonymous_6)","decl":{"start":{"line":38,"column":2},"end":{"line":38,"column":7}},"loc":{"start":{"line":38,"column":27},"end":{"line":55,"column":3}}},"3":{"name":"(anonymous_7)","decl":{"start":{"line":57,"column":2},"end":{"line":57,"column":7}},"loc":{"start":{"line":57,"column":50},"end":{"line":73,"column":3}}},"4":{"name":"(anonymous_8)","decl":{"start":{"line":75,"column":2},"end":{"line":75,"column":7}},"loc":{"start":{"line":75,"column":15},"end":{"line":85,"column":3}}},"5":{"name":"(anonymous_9)","decl":{"start":{"line":87,"column":2},"end":{"line":87,"column":7}},"loc":{"start":{"line":87,"column":96},"end":{"line":111,"column":3}}},"6":{"name":"(anonymous_10)","decl":{"start":{"line":113,"column":2},"end":{"line":113,"column":7}},"loc":{"start":{"line":113,"column":73},"end":{"line":116,"column":3}}},"7":{"name":"(anonymous_11)","decl":{"start":{"line":118,"column":2},"end":{"line":118,"column":7}},"loc":{"start":{"line":118,"column":33},"end":{"line":128,"column":3}}},"8":{"name":"(anonymous_12)","decl":{"start":{"line":130,"column":2},"end":{"line":130,"column":7}},"loc":{"start":{"line":130,"column":29},"end":{"line":149,"column":3}}},"9":{"name":"(anonymous_13)","decl":{"start":{"line":151,"column":2},"end":{"line":151,"column":7}},"loc":{"start":{"line":151,"column":57},"end":{"line":170,"column":3}}},"10":{"name":"(anonymous_14)","decl":{"start":{"line":172,"column":2},"end":{"line":172,"column":7}},"loc":{"start":{"line":172,"column":50},"end":{"line":191,"column":3}}},"11":{"name":"(anonymous_15)","decl":{"start":{"line":193,"column":2},"end":{"line":193,"column":7}},"loc":{"start":{"line":193,"column":56},"end":{"line":230,"column":3}}},"12":{"name":"(anonymous_16)","decl":{"start":{"line":15,"column":23},"end":{"line":15,"column":26}},"loc":{"start":{"line":15,"column":29},"end":{"line":15,"column":47}}}},"branchMap":{"0":{"loc":{"start":{"line":24,"column":74},"end":{"line":24,"column":102}},"type":"cond-expr","locations":[{"start":{"line":24,"column":81},"end":{"line":24,"column":88}},{"start":{"line":24,"column":91},"end":{"line":24,"column":102}}]},"1":{"loc":{"start":{"line":25,"column":6},"end":{"line":28,"column":7}},"type":"if","locations":[{"start":{"line":25,"column":6},"end":{"line":28,"column":7}}]},"2":{"loc":{"start":{"line":44,"column":6},"end":{"line":47,"column":7}},"type":"if","locations":[{"start":{"line":44,"column":6},"end":{"line":47,"column":7}}]},"3":{"loc":{"start":{"line":87,"column":66},"end":{"line":87,"column":96}},"type":"default-arg","locations":[{"start":{"line":87,"column":83},"end":{"line":87,"column":96}}]},"4":{"loc":{"start":{"line":140,"column":6},"end":{"line":142,"column":7}},"type":"if","locations":[{"start":{"line":140,"column":6},"end":{"line":142,"column":7}}]},"5":{"loc":{"start":{"line":174,"column":68},"end":{"line":174,"column":100}},"type":"cond-expr","locations":[{"start":{"line":174,"column":79},"end":{"line":174,"column":87}},{"start":{"line":174,"column":90},"end":{"line":174,"column":100}}]},"6":{"loc":{"start":{"line":185,"column":80},"end":{"line":185,"column":112}},"type":"cond-expr","locations":[{"start":{"line":185,"column":91},"end":{"line":185,"column":99}},{"start":{"line":185,"column":102},"end":{"line":185,"column":112}}]},"7":{"loc":{"start":{"line":216,"column":8},"end":{"line":218,"column":9}},"type":"if","locations":[{"start":{"line":216,"column":8},"end":{"line":218,"column":9}}]}},"s":{"0":0,"1":0,"2":0,"3":0,"4":0,"5":0,"6":0,"7":0,"8":0,"9":0,"10":0,"11":0,"12":0,"13":0,"14":0,"15":0,"16":0,"17":0,"18":0,"19":0,"20":0,"21":0,"22":0,"23":0,"24":0,"25":0,"26":0,"27":0,"28":0,"29":0,"30":0,"31":0,"32":0,"33":0,"34":0,"35":0,"36":0,"37":0,"38":0,"39":0,"40":0,"41":0,"42":0,"43":0,"44":0,"45":0,"46":0,"47":0,"48":0,"49":0,"50":0,"51":0,"52":0,"53":0,"54":0,"55":0,"56":0,"57":0,"58":0,"59":0,"60":0,"61":0,"62":0,"63":0,"64":0,"65":0,"66":0,"67":0,"68":0,"69":0,"70":0,"71":0,"72":0,"73":0,"74":0,"75":0,"76":0,"77":0,"78":0,"79":0,"80":0,"81":0,"82":0,"83":0,"84":0,"85":0,"86":0,"87":0,"88":0,"89":0,"90":0,"91":0,"92":0,"93":0,"94":0,"95":0,"96":0,"97":0,"98":0,"99":0,"100":0,"101":0,"102":0,"103":0,"104":0,"105":0},"f":{"0":0,"1":0,"2":0,"3":0,"4":0,"5":0,"6":0,"7":0,"8":0,"9":0,"10":0,"11":0,"12":0},"b":{"0":[0,0],"1":[0],"2":[0],"3":[0],"4":[0],"5":[0,0],"6":[0,0],"7":[0]}}
,"C:\\Projects\\nsdo-taskm\\backend-nest\\src\\users\\commands\\commands.module.ts": {"path":"C:\\Projects\\nsdo-taskm\\backend-nest\\src\\users\\commands\\commands.module.ts","statementMap":{"0":{"start":{"line":1,"column":0},"end":{"line":1,"column":40}},"1":{"start":{"line":2,"column":0},"end":{"line":2,"column":48}},"2":{"start":{"line":3,"column":0},"end":{"line":3,"column":47}},"3":{"start":{"line":4,"column":0},"end":{"line":4,"column":48}},"4":{"start":{"line":5,"column":0},"end":{"line":5,"column":60}},"5":{"start":{"line":12,"column":7},"end":{"line":12,"column":null}},"6":{"start":{"line":12,"column":13},"end":{"line":12,"column":27}},"7":{"start":{"line":12,"column":13},"end":{"line":12,"column":null}}},"fnMap":{},"branchMap":{},"s":{"0":0,"1":0,"2":0,"3":0,"4":0,"5":0,"6":0,"7":0},"f":{},"b":{}}
,"C:\\Projects\\nsdo-taskm\\backend-nest\\src\\users\\commands\\create-admin.command.ts": {"path":"C:\\Projects\\nsdo-taskm\\backend-nest\\src\\users\\commands\\create-admin.command.ts","statementMap":{"0":{"start":{"line":1,"column":0},"end":{"line":1,"column":56}},"1":{"start":{"line":2,"column":0},"end":{"line":2,"column":44}},"2":{"start":{"line":3,"column":0},"end":{"line":3,"column":48}},"3":{"start":{"line":7,"column":7},"end":{"line":34,"column":null}},"4":{"start":{"line":9,"column":4},"end":{"line":9,"column":12}},"5":{"start":{"line":8,"column":31},"end":{"line":8,"column":45}},"6":{"start":{"line":16,"column":40},"end":{"line":16,"column":52}},"7":{"start":{"line":18,"column":4},"end":{"line":21,"column":5}},"8":{"start":{"line":19,"column":6},"end":{"line":19,"column":68}},"9":{"start":{"line":20,"column":6},"end":{"line":20,"column":13}},"10":{"start":{"line":23,"column":4},"end":{"line":32,"column":5}},"11":{"start":{"line":24,"column":19},"end":{"line":27,"column":null}},"12":{"start":{"line":29,"column":6},"end":{"line":29,"column":71}},"13":{"start":{"line":31,"column":6},"end":{"line":31,"column":67}},"14":{"start":{"line":7,"column":13},"end":{"line":7,"column":31}},"15":{"start":{"line":7,"column":13},"end":{"line":34,"column":null}}},"fnMap":{"0":{"name":"(anonymous_2)","decl":{"start":{"line":8,"column":2},"end":{"line":8,"column":31}},"loc":{"start":{"line":8,"column":57},"end":{"line":10,"column":3}}},"1":{"name":"(anonymous_3)","decl":{"start":{"line":12,"column":2},"end":{"line":12,"column":7}},"loc":{"start":{"line":14,"column":33},"end":{"line":33,"column":3}}}},"branchMap":{"0":{"loc":{"start":{"line":18,"column":4},"end":{"line":21,"column":5}},"type":"if","locations":[{"start":{"line":18,"column":4},"end":{"line":21,"column":5}}]},"1":{"loc":{"start":{"line":18,"column":8},"end":{"line":18,"column":40}},"type":"binary-expr","locations":[{"start":{"line":18,"column":8},"end":{"line":18,"column":17}},{"start":{"line":18,"column":21},"end":{"line":18,"column":27}},{"start":{"line":18,"column":31},"end":{"line":18,"column":40}}]}},"s":{"0":0,"1":0,"2":0,"3":0,"4":0,"5":0,"6":0,"7":0,"8":0,"9":0,"10":0,"11":0,"12":0,"13":0,"14":0,"15":0},"f":{"0":0,"1":0},"b":{"0":[0],"1":[0,0,0]}}
,"C:\\Projects\\nsdo-taskm\\backend-nest\\src\\users\\entities\\user.entity.ts": {"path":"C:\\Projects\\nsdo-taskm\\backend-nest\\src\\users\\entities\\user.entity.ts","statementMap":{"0":{"start":{"line":1,"column":0},"end":{"line":1,"column":75}},"1":{"start":{"line":2,"column":0},"end":{"line":2,"column":44}},"2":{"start":{"line":3,"column":0},"end":{"line":3,"column":56}},"3":{"start":{"line":4,"column":0},"end":{"line":4,"column":74}},"4":{"start":{"line":5,"column":0},"end":{"line":5,"column":56}},"5":{"start":{"line":6,"column":0},"end":{"line":6,"column":36}},"6":{"start":{"line":8,"column":0},"end":{"line":8,"column":null}},"7":{"start":{"line":9,"column":2},"end":{"line":9,"column":null}},"8":{"start":{"line":10,"column":2},"end":{"line":10,"column":null}},"9":{"start":{"line":11,"column":2},"end":{"line":11,"column":null}},"10":{"start":{"line":22,"column":7},"end":{"line":102,"column":null}},"11":{"start":{"line":24,"column":15},"end":{"line":24,"column":23}},"12":{"start":{"line":22,"column":13},"end":{"line":22,"column":17}},"13":{"start":{"line":24,"column":2},"end":{"line":24,"column":null}},"14":{"start":{"line":27,"column":2},"end":{"line":27,"column":null}},"15":{"start":{"line":30,"column":2},"end":{"line":30,"column":null}},"16":{"start":{"line":34,"column":2},"end":{"line":34,"column":null}},"17":{"start":{"line":41,"column":2},"end":{"line":41,"column":null}},"18":{"start":{"line":44,"column":2},"end":{"line":44,"column":null}},"19":{"start":{"line":48,"column":2},"end":{"line":48,"column":null}},"20":{"start":{"line":52,"column":2},"end":{"line":52,"column":null}},"21":{"start":{"line":55,"column":2},"end":{"line":55,"column":27}},"22":{"start":{"line":58,"column":2},"end":{"line":58,"column":null}},"23":{"start":{"line":62,"column":2},"end":{"line":62,"column":null}},"24":{"start":{"line":65,"column":2},"end":{"line":65,"column":null}},"25":{"start":{"line":68,"column":2},"end":{"line":68,"column":null}},"26":{"start":{"line":71,"column":2},"end":{"line":71,"column":null}},"27":{"start":{"line":74,"column":2},"end":{"line":74,"column":null}},"28":{"start":{"line":77,"column":2},"end":{"line":77,"column":null}},"29":{"start":{"line":76,"column":46},"end":{"line":76,"column":65}},"30":{"start":{"line":80,"column":2},"end":{"line":80,"column":null}},"31":{"start":{"line":79,"column":46},"end":{"line":79,"column":65}},"32":{"start":{"line":84,"column":2},"end":{"line":84,"column":null}},"33":{"start":{"line":83,"column":19},"end":{"line":83,"column":23}},"34":{"start":{"line":83,"column":35},"end":{"line":83,"column":49}},"35":{"start":{"line":88,"column":2},"end":{"line":88,"column":null}},"36":{"start":{"line":87,"column":20},"end":{"line":87,"column":24}},"37":{"start":{"line":87,"column":36},"end":{"line":87,"column":56}},"38":{"start":{"line":97,"column":2},"end":{"line":97,"column":null}},"39":{"start":{"line":91,"column":20},"end":{"line":91,"column":30}},"40":{"start":{"line":91,"column":48},"end":{"line":91,"column":66}},"41":{"start":{"line":101,"column":2},"end":{"line":101,"column":null}},"42":{"start":{"line":100,"column":19},"end":{"line":100,"column":23}},"43":{"start":{"line":100,"column":35},"end":{"line":100,"column":44}},"44":{"start":{"line":22,"column":13},"end":{"line":102,"column":null}}},"fnMap":{"0":{"name":"(anonymous_2)","decl":{"start":{"line":8,"column":0},"end":{"line":8,"column":12}},"loc":{"start":{"line":8,"column":20},"end":{"line":12,"column":1}}},"1":{"name":"(anonymous_3)","decl":{"start":{"line":76,"column":40},"end":{"line":76,"column":43}},"loc":{"start":{"line":76,"column":46},"end":{"line":76,"column":65}}},"2":{"name":"(anonymous_4)","decl":{"start":{"line":79,"column":40},"end":{"line":79,"column":43}},"loc":{"start":{"line":79,"column":46},"end":{"line":79,"column":65}}},"3":{"name":"(anonymous_5)","decl":{"start":{"line":83,"column":13},"end":{"line":83,"column":16}},"loc":{"start":{"line":83,"column":19},"end":{"line":83,"column":23}}},"4":{"name":"(anonymous_6)","decl":{"start":{"line":83,"column":25},"end":{"line":83,"column":26}},"loc":{"start":{"line":83,"column":35},"end":{"line":83,"column":49}}},"5":{"name":"(anonymous_7)","decl":{"start":{"line":87,"column":14},"end":{"line":87,"column":17}},"loc":{"start":{"line":87,"column":20},"end":{"line":87,"column":24}}},"6":{"name":"(anonymous_8)","decl":{"start":{"line":87,"column":26},"end":{"line":87,"column":27}},"loc":{"start":{"line":87,"column":36},"end":{"line":87,"column":56}}},"7":{"name":"(anonymous_9)","decl":{"start":{"line":91,"column":14},"end":{"line":91,"column":17}},"loc":{"start":{"line":91,"column":20},"end":{"line":91,"column":30}}},"8":{"name":"(anonymous_10)","decl":{"start":{"line":91,"column":32},"end":{"line":91,"column":33}},"loc":{"start":{"line":91,"column":48},"end":{"line":91,"column":66}}},"9":{"name":"(anonymous_11)","decl":{"start":{"line":100,"column":13},"end":{"line":100,"column":16}},"loc":{"start":{"line":100,"column":19},"end":{"line":100,"column":23}}},"10":{"name":"(anonymous_12)","decl":{"start":{"line":100,"column":25},"end":{"line":100,"column":26}},"loc":{"start":{"line":100,"column":35},"end":{"line":100,"column":44}}}},"branchMap":{"0":{"loc":{"start":{"line":8,"column":12},"end":{"line":8,"column":null}},"type":"binary-expr","locations":[{"start":{"line":8,"column":12},"end":{"line":8,"column":20}},{"start":{"line":8,"column":20},"end":{"line":8,"column":null}}]}},"s":{"0":4,"1":4,"2":4,"3":4,"4":4,"5":4,"6":4,"7":4,"8":4,"9":4,"10":4,"11":0,"12":4,"13":4,"14":4,"15":4,"16":4,"17":4,"18":4,"19":4,"20":4,"21":4,"22":4,"23":4,"24":4,"25":4,"26":4,"27":4,"28":4,"29":0,"30":4,"31":0,"32":4,"33":0,"34":0,"35":4,"36":0,"37":0,"38":4,"39":0,"40":0,"41":4,"42":0,"43":0,"44":4},"f":{"0":4,"1":0,"2":0,"3":0,"4":0,"5":0,"6":0,"7":0,"8":0,"9":0,"10":0},"b":{"0":[4,4]}}
}
